Using pre-set license
Built from '2021.3/staging' branch; Version is '2021.3.9f1 (ad3870b89536) revision 11352176'; Using compiler version '192829333'; Build Type 'Release'
OS: 'Windows 10  (10.0.19043) 64bit Core' Language: 'en' Physical Memory: 32561 MB
BatchMode: 1, IsHumanControllingUs: 0, StartBugReporterOnCrash: 0, Is64bit: 1, IsPro: 1

COMMAND LINE ARGUMENTS:
C:\Program Files\Unity\Hub\Editor\2021.3.9f1\Editor\Unity.exe
-adb2
-batchMode
-noUpm
-name
AssetImportWorker2
-projectPath
C:/Users/Clarence/Documents/School/Internship/Astar/UnsupervisedMultiModalLearning/DetermiNet/DetermiNetProject
-logFile
Logs/AssetImportWorker2.log
-srvPort
50402
Successfully changed project path to: C:/Users/Clarence/Documents/School/Internship/Astar/UnsupervisedMultiModalLearning/DetermiNet/DetermiNetProject
C:/Users/Clarence/Documents/School/Internship/Astar/UnsupervisedMultiModalLearning/DetermiNet/DetermiNetProject
[UnityMemory] Configuration Parameters - Can be set up in boot.config
    "memorysetup-bucket-allocator-granularity=16"
    "memorysetup-bucket-allocator-bucket-count=8"
    "memorysetup-bucket-allocator-block-size=33554432"
    "memorysetup-bucket-allocator-block-count=8"
    "memorysetup-main-allocator-block-size=16777216"
    "memorysetup-thread-allocator-block-size=16777216"
    "memorysetup-gfx-main-allocator-block-size=16777216"
    "memorysetup-gfx-thread-allocator-block-size=16777216"
    "memorysetup-cache-allocator-block-size=4194304"
    "memorysetup-typetree-allocator-block-size=2097152"
    "memorysetup-profiler-bucket-allocator-granularity=16"
    "memorysetup-profiler-bucket-allocator-bucket-count=8"
    "memorysetup-profiler-bucket-allocator-block-size=33554432"
    "memorysetup-profiler-bucket-allocator-block-count=8"
    "memorysetup-profiler-allocator-block-size=16777216"
    "memorysetup-profiler-editor-allocator-block-size=1048576"
    "memorysetup-temp-allocator-size-main=16777216"
    "memorysetup-job-temp-allocator-block-size=2097152"
    "memorysetup-job-temp-allocator-block-size-background=1048576"
    "memorysetup-job-temp-allocator-reduction-small-platforms=262144"
    "memorysetup-temp-allocator-size-background-worker=32768"
    "memorysetup-temp-allocator-size-job-worker=262144"
    "memorysetup-temp-allocator-size-preload-manager=33554432"
    "memorysetup-temp-allocator-size-nav-mesh-worker=65536"
    "memorysetup-temp-allocator-size-audio-worker=65536"
    "memorysetup-temp-allocator-size-cloud-worker=32768"
    "memorysetup-temp-allocator-size-gi-baking-worker=262144"
    "memorysetup-temp-allocator-size-gfx=262144"
Unable to join player connection multicast group.
Refreshing native plugins compatible for Editor in 144.91 ms, found 3 plugins.
Preloading 0 native plugins for Editor in 0.00 ms.
Initialize engine version: 2021.3.9f1 (ad3870b89536)
[Subsystems] Discovering subsystems at path C:/Program Files/Unity/Hub/Editor/2021.3.9f1/Editor/Data/Resources/UnitySubsystems
[Subsystems] Discovering subsystems at path C:/Users/Clarence/Documents/School/Internship/Astar/UnsupervisedMultiModalLearning/DetermiNet/DetermiNetProject/Assets
GfxDevice: creating device client; threaded=0; jobified=0
Direct3D:
    Version:  Direct3D 11.0 [level 11.1]
    Renderer: NVIDIA GeForce RTX 2060 (ID=0x1f15)
    Vendor:   NVIDIA
    VRAM:     5980 MB
    Driver:   30.0.15.1169
Initialize mono
Mono path[0] = 'C:/Program Files/Unity/Hub/Editor/2021.3.9f1/Editor/Data/Managed'
Mono path[1] = 'C:/Program Files/Unity/Hub/Editor/2021.3.9f1/Editor/Data/MonoBleedingEdge/lib/mono/unityjit-win32'
Mono config path = 'C:/Program Files/Unity/Hub/Editor/2021.3.9f1/Editor/Data/MonoBleedingEdge/etc'
Using monoOptions --debugger-agent=transport=dt_socket,embedding=1,server=y,suspend=n,address=127.0.0.1:56520
Begin MonoManager ReloadAssembly
Registering precompiled unity dll's ...
Trying to register platform support module: C:/Program Files/Unity/Hub/Editor/2021.3.9f1/Editor/Data/PlaybackEngines/WebGLSupport/UnityEditor.WebGL.Extensions.dll (that doesn't exist). Retrying without overrides.
Platform support module is not available: C:/Program Files/Unity/Hub/Editor/2021.3.9f1/Editor/Data/PlaybackEngines/WebGLSupport/UnityEditor.WebGL.Extensions.dll
Register platform support module: C:/Program Files/Unity/Hub/Editor/2021.3.9f1/Editor/Data/PlaybackEngines/WindowsStandaloneSupport/UnityEditor.WindowsStandalone.Extensions.dll
Register platform support module: C:/Program Files/Unity/Hub/Editor/2021.3.9f1/Editor/Data/PlaybackEngines/LinuxStandaloneSupport/UnityEditor.LinuxStandalone.Extensions.dll
Register platform support module: C:/Program Files/Unity/Hub/Editor/2021.3.9f1/Editor/Data/PlaybackEngines/MetroSupport/UnityEditor.UWP.Extensions.dll
Registered in 0.019256 seconds.
Native extension for UWP target not found
Native extension for LinuxStandalone target not found
Native extension for WindowsStandalone target not found
Refreshing native plugins compatible for Editor in 146.37 ms, found 3 plugins.
Preloading 0 native plugins for Editor in 0.00 ms.
Mono: successfully reloaded assembly
- Completed reload, in  1.007 seconds
Domain Reload Profiling:
	ReloadAssembly (1008ms)
		BeginReloadAssembly (123ms)
			ExecutionOrderSort (0ms)
			DisableScriptedObjects (0ms)
			BackupInstance (0ms)
			ReleaseScriptingObjects (0ms)
			CreateAndSetChildDomain (1ms)
		EndReloadAssembly (717ms)
			LoadAssemblies (119ms)
			RebuildTransferFunctionScriptingTraits (0ms)
			SetupTypeCache (174ms)
			ReleaseScriptCaches (0ms)
			RebuildScriptCaches (41ms)
			SetupLoadedEditorAssemblies (416ms)
				LogAssemblyErrors (0ms)
				InitializePlatformSupportModulesInManaged (25ms)
				SetLoadedEditorAssemblies (1ms)
				RefreshPlugins (147ms)
				BeforeProcessingInitializeOnLoad (2ms)
				ProcessInitializeOnLoadAttributes (176ms)
				ProcessInitializeOnLoadMethodAttributes (64ms)
				AfterProcessingInitializeOnLoad (0ms)
				EditorAssembliesLoaded (0ms)
			ExecutionOrderSort2 (0ms)
			AwakeInstancesAfterBackupRestoration (0ms)
Platform modules already initialized, skipping
Registering precompiled user dll's ...
Registered in 0.022211 seconds.
Begin MonoManager ReloadAssembly
Symbol file LoadedFromMemory doesn't match image C:\Users\Clarence\Documents\School\Internship\Astar\UnsupervisedMultiModalLearning\DetermiNet\DetermiNetProject\Library\PackageCache\com.unity.visualscripting@1.7.8\Editor\VisualScripting.Core\Dependencies\YamlDotNet\Unity.VisualScripting.YamlDotNet.dll
Symbol file LoadedFromMemory doesn't match image C:\Users\Clarence\Documents\School\Internship\Astar\UnsupervisedMultiModalLearning\DetermiNet\DetermiNetProject\Library\PackageCache\com.unity.visualscripting@1.7.8\Editor\VisualScripting.Core\Dependencies\DotNetZip\Unity.VisualScripting.IonicZip.dll
Native extension for UWP target not found
Native extension for LinuxStandalone target not found
Native extension for WindowsStandalone target not found
Refreshing native plugins compatible for Editor in 175.47 ms, found 3 plugins.
Preloading 0 native plugins for Editor in 0.00 ms.
Package Manager log level set to [2]
[Package Manager] Server::EnsureServerProcessIsRunning -- launch failed, reason: Unity was launched with the -noUpm command-line argument
[Package Manager] Cannot connect to Unity Package Manager local server
Cannot connect to Unity Package Manager local server
UnityEngine.StackTraceUtility:ExtractStackTrace ()
UnityEngine.DebugLogHandler:LogFormat (UnityEngine.LogType,UnityEngine.Object,string,object[])
UnityEngine.Logger:Log (UnityEngine.LogType,object)
UnityEngine.Debug:LogError (object)
UnityEditor.Perception.Visualizer.PythonForUnityInstaller:CheckIfPackageInstalled () (at Library/PackageCache/com.unity.perception@0.11.2-preview.2/Editor/Visualizer/PythonForUnityInstaller.cs:53)
UnityEditor.Perception.Visualizer.PythonForUnityInstaller:Add () (at Library/PackageCache/com.unity.perception@0.11.2-preview.2/Editor/Visualizer/PythonForUnityInstaller.cs:20)
UnityEditor.Perception.Visualizer.PythonForUnityInstaller:.cctor () (at Library/PackageCache/com.unity.perception@0.11.2-preview.2/Editor/Visualizer/PythonForUnityInstaller.cs:15)
System.Runtime.CompilerServices.RuntimeHelpers:RunClassConstructor (System.RuntimeTypeHandle)
UnityEditor.EditorAssemblies:ProcessInitializeOnLoadAttributes (System.Type[])

(Filename: Library/PackageCache/com.unity.perception@0.11.2-preview.2/Editor/Visualizer/PythonForUnityInstaller.cs Line: 53)

[Package Manager] Server::EnsureServerProcessIsRunning -- launch failed, reason: Unity was launched with the -noUpm command-line argument
[Package Manager] Cannot connect to Unity Package Manager local server
Cannot connect to Unity Package Manager local server
UnityEngine.StackTraceUtility:ExtractStackTrace ()
UnityEngine.DebugLogHandler:LogFormat (UnityEngine.LogType,UnityEngine.Object,string,object[])
UnityEngine.Logger:Log (UnityEngine.LogType,object)
UnityEngine.Debug:Log (object)
UnityEditor.Perception.Visualizer.PythonForUnityInstaller:Add () (at Library/PackageCache/com.unity.perception@0.11.2-preview.2/Editor/Visualizer/PythonForUnityInstaller.cs:31)
UnityEditor.Perception.Visualizer.PythonForUnityInstaller:.cctor () (at Library/PackageCache/com.unity.perception@0.11.2-preview.2/Editor/Visualizer/PythonForUnityInstaller.cs:15)
System.Runtime.CompilerServices.RuntimeHelpers:RunClassConstructor (System.RuntimeTypeHandle)
UnityEditor.EditorAssemblies:ProcessInitializeOnLoadAttributes (System.Type[])

(Filename: Library/PackageCache/com.unity.perception@0.11.2-preview.2/Editor/Visualizer/PythonForUnityInstaller.cs Line: 31)

Mono: successfully reloaded assembly
- Completed reload, in  3.117 seconds
Domain Reload Profiling:
	ReloadAssembly (3118ms)
		BeginReloadAssembly (188ms)
			ExecutionOrderSort (0ms)
			DisableScriptedObjects (8ms)
			BackupInstance (0ms)
			ReleaseScriptingObjects (0ms)
			CreateAndSetChildDomain (36ms)
		EndReloadAssembly (2735ms)
			LoadAssemblies (189ms)
			RebuildTransferFunctionScriptingTraits (0ms)
			SetupTypeCache (765ms)
			ReleaseScriptCaches (2ms)
			RebuildScriptCaches (135ms)
			SetupLoadedEditorAssemblies (1561ms)
				LogAssemblyErrors (0ms)
				InitializePlatformSupportModulesInManaged (22ms)
				SetLoadedEditorAssemblies (0ms)
				RefreshPlugins (176ms)
				BeforeProcessingInitializeOnLoad (203ms)
				ProcessInitializeOnLoadAttributes (1027ms)
				ProcessInitializeOnLoadMethodAttributes (118ms)
				AfterProcessingInitializeOnLoad (14ms)
				EditorAssembliesLoaded (0ms)
			ExecutionOrderSort2 (0ms)
			AwakeInstancesAfterBackupRestoration (13ms)
Platform modules already initialized, skipping
========================================================================
Worker process is ready to serve import requests
Launched and connected shader compiler UnityShaderCompiler.exe after 0.06 seconds
Refreshing native plugins compatible for Editor in 0.91 ms, found 3 plugins.
Preloading 0 native plugins for Editor in 0.00 ms.
Unloading 4543 Unused Serialized files (Serialized files now loaded: 0)
Unloading 52 unused Assets / (0.6 MB). Loaded Objects now: 5000.
Memory consumption went from 176.8 MB to 176.2 MB.
Total: 3.439400 ms (FindLiveObjects: 0.358300 ms CreateObjectMapping: 0.341700 ms MarkObjects: 2.576300 ms  DeleteObjects: 0.162200 ms)

AssetImportParameters requested are different than current active one (requested -> active):
  custom:video-decoder-ogg-theora: a1e56fd34408186e4bbccfd4996cb3dc -> 
  custom:container-muxer-webm: aa71ff27fc2769a1b78a27578f13a17b -> 
  custom:container-demuxer-webm: 4f35f7cbe854078d1ac9338744f61a02 -> 
  custom:video-encoder-webm-vp8: eb34c28f22e8b96e1ab97ce403110664 -> 
  custom:audio-encoder-webm-vorbis: bf7c407c2cedff20999df2af8eb42d56 -> 
  custom:framework-win-MediaFoundation: 216162199b28c13a410421893ffa2e32 -> 
  custom:container-demuxer-ogg: 62fdf1f143b41e24485cea50d1cbac27 -> 
  custom:video-decoder-webm-vp8: 9c59270c3fd7afecdb556c50c9e8de78 -> 
  custom:audio-decoder-ogg-vorbis: bf7c407c2cedff20999df2af8eb42d56 -> 
========================================================================
Received Import Request.
  Time since last request: 430323.228450 seconds.
  path: Packages/com.unity.perception/Tests/Runtime/Randomization/ScenarioTests/Resources/sampleAnimationPoseConfig.asset
  artifactKey: Guid(92646dbc24d95413084b0787214fdcb3) Importer(815301076,1909f56bfc062723c751e8b465ee728b)
Start importing Packages/com.unity.perception/Tests/Runtime/Randomization/ScenarioTests/Resources/sampleAnimationPoseConfig.asset using Guid(92646dbc24d95413084b0787214fdcb3) Importer(815301076,1909f56bfc062723c751e8b465ee728b)  -> (artifact id: '9d53ec5f5d0631217a072225bc35fc0f') in 0.038231 seconds 
========================================================================
Received Prepare
Refreshing native plugins compatible for Editor in 8.34 ms, found 3 plugins.
Preloading 0 native plugins for Editor in 0.00 ms.
Unloading 33 Unused Serialized files (Serialized files now loaded: 0)
Unloading 33 unused Assets / (0.5 MB). Loaded Objects now: 5001.
Memory consumption went from 83.5 MB to 83.0 MB.
Total: 3.566200 ms (FindLiveObjects: 0.511200 ms CreateObjectMapping: 0.418600 ms MarkObjects: 2.439800 ms  DeleteObjects: 0.195100 ms)

AssetImportParameters requested are different than current active one (requested -> active):
  custom:video-decoder-ogg-theora: a1e56fd34408186e4bbccfd4996cb3dc -> 
  custom:container-muxer-webm: aa71ff27fc2769a1b78a27578f13a17b -> 
  custom:container-demuxer-webm: 4f35f7cbe854078d1ac9338744f61a02 -> 
  custom:video-encoder-webm-vp8: eb34c28f22e8b96e1ab97ce403110664 -> 
  custom:audio-encoder-webm-vorbis: bf7c407c2cedff20999df2af8eb42d56 -> 
  custom:framework-win-MediaFoundation: 216162199b28c13a410421893ffa2e32 -> 
  custom:SearchIndexIgnoredProperties: e643bd26f0fe6173181afceb89e7c659 -> 
  custom:container-demuxer-ogg: 62fdf1f143b41e24485cea50d1cbac27 -> 
  custom:video-decoder-webm-vp8: 9c59270c3fd7afecdb556c50c9e8de78 -> 
  custom:audio-decoder-ogg-vorbis: bf7c407c2cedff20999df2af8eb42d56 -> 
========================================================================
Received Prepare
Refreshing native plugins compatible for Editor in 8.62 ms, found 3 plugins.
Preloading 0 native plugins for Editor in 0.00 ms.
Unloading 33 Unused Serialized files (Serialized files now loaded: 0)
Unloading 33 unused Assets / (0.5 MB). Loaded Objects now: 5001.
Memory consumption went from 83.5 MB to 82.9 MB.
Total: 3.968900 ms (FindLiveObjects: 0.416900 ms CreateObjectMapping: 0.413700 ms MarkObjects: 2.876000 ms  DeleteObjects: 0.259500 ms)

AssetImportParameters requested are different than current active one (requested -> active):
  custom:video-decoder-ogg-theora: a1e56fd34408186e4bbccfd4996cb3dc -> 
  custom:container-muxer-webm: aa71ff27fc2769a1b78a27578f13a17b -> 
  custom:container-demuxer-webm: 4f35f7cbe854078d1ac9338744f61a02 -> 
  custom:video-encoder-webm-vp8: eb34c28f22e8b96e1ab97ce403110664 -> 
  custom:audio-encoder-webm-vorbis: bf7c407c2cedff20999df2af8eb42d56 -> 
  custom:framework-win-MediaFoundation: 216162199b28c13a410421893ffa2e32 -> 
  custom:SearchIndexIgnoredProperties: e643bd26f0fe6173181afceb89e7c659 -> 
  custom:container-demuxer-ogg: 62fdf1f143b41e24485cea50d1cbac27 -> 
  custom:video-decoder-webm-vp8: 9c59270c3fd7afecdb556c50c9e8de78 -> 
  custom:audio-decoder-ogg-vorbis: bf7c407c2cedff20999df2af8eb42d56 -> 
========================================================================
Received Import Request.
  Time since last request: 82.667181 seconds.
  path: Assets/StreamingAssets/UnityServicesProjectConfiguration.json
  artifactKey: Guid(6386b9e91fa9a644d890f01e4b6e23e2) Importer(2089858483,0ecaa5967403d082aa24f35e1b516d23)
Start importing Assets/StreamingAssets/UnityServicesProjectConfiguration.json using Guid(6386b9e91fa9a644d890f01e4b6e23e2) Importer(2089858483,0ecaa5967403d082aa24f35e1b516d23) Generated GUIDs only implemented for interfaces!
 -> (artifact id: '00000000000000000000000000000000') in 0.869788 seconds  code(4) message(Build asset version error: assets/streamingassets/unityservicesprojectconfiguration.json in SourceAssetDB has modification time of '2022-11-21T13:20:06.2592142Z' while content on disk has modification time of '0001-01-01T00:00:00Z' with error code 2
Stacktrace:
0x00007ff785ecffed (Unity) StackWalker::GetCurrentCallstack
0x00007ff785ed6cc9 (Unity) StackWalker::ShowCallstack
0x00007ff786e450e3 (Unity) GetStacktrace
0x00007ff7871df774 (Unity) GetAssetHashAndValidate
0x00007ff7871daf78 (Unity) AssetVersionBuilder::BuildHashOfSourceAssetArray
0x00007ff7871d8f4d (Unity) AssetVersionBuilder::BuildAssetVersion
0x00007ff78716106a (Unity) CreateAssetVersionBuilder
0x00007ff787167b63 (Unity) ImportToObjects
0x00007ff787166893 (Unity) ImportAsset
0x00007ff7871892b2 (Unity) AssetImportWorker::Import
0x00007ff7871eef34 (Unity) <lambda_9d91f4223b4733a7f58dbd02f611399e>::operator()
0x00007ff787230162 (Unity) asio::detail::completion_handler<core::mutable_function<void __cdecl(void)>,asio::io_context::basic_executor_type<std::allocator<void>,0> >::do_complete
0x00007ff78721c04e (Unity) asio::detail::win_iocp_io_context::do_one
0x00007ff78721dcb4 (Unity) asio::detail::win_iocp_io_context::run
0x00007ff78722e54e (Unity) IOService::Run
0x00007ff78720113f (Unity) AssetImportWorkerClient::Run
0x00007ff7871cb593 (Unity) RunAssetImportWorkerClientV2
0x00007ff7871cb61b (Unity) RunAssetImporterV2
0x00007ff7869f10d8 (Unity) Application::InitializeProject
0x00007ff786e4f828 (Unity) WinMain
0x00007ff7881d421e (Unity) __scrt_common_main_seh
0x00007ff8dfa77034 (KERNEL32) BaseThreadInitThunk
0x00007ff8e0402651 (ntdll) RtlUserThreadStart
)
  ERROR: Build asset version error: assets/streamingassets/unityservicesprojectconfiguration.json in SourceAssetDB has modification time of '2022-11-21T13:20:06.2592142Z' while content on disk has modification time of '0001-01-01T00:00:00Z' with error code 2
Stacktrace:
0x00007ff785ecffed (Unity) StackWalker::GetCurrentCallstack
0x00007ff785ed6cc9 (Unity) StackWalker::ShowCallstack
0x00007ff786e450e3 (Unity) GetStacktrace
0x00007ff7871df774 (Unity) GetAssetHashAndValidate
0x00007ff7871daf78 (Unity) AssetVersionBuilder::BuildHashOfSourceAssetArray
0x00007ff7871d8f4d (Unity) AssetVersionBuilder::BuildAssetVersion
0x00007ff78716106a (Unity) CreateAssetVersionBuilder
0x00007ff787167b63 (Unity) ImportToObjects
0x00007ff787166893 (Unity) ImportAsset
0x00007ff7871892b2 (Unity) AssetImportWorker::Import
0x00007ff7871eef34 (Unity) <lambda_9d91f4223b4733a7f58dbd02f611399e>::operator()
0x00007ff787230162 (Unity) asio::detail::completion_handler<core::mutable_function<void __cdecl(void)>,asio::io_context::basic_executor_type<std::allocator<void>,0> >::do_complete
0x00007ff78721c04e (Unity) asio::detail::win_iocp_io_context::do_one
0x00007ff78721dcb4 (Unity) asio::detail::win_iocp_io_context::run
0x00007ff78722e54e (Unity) IOService::Run
0x00007ff78720113f (Unity) AssetImportWorkerClient::Run
0x00007ff7871cb593 (Unity) RunAssetImportWorkerClientV2
0x00007ff7871cb61b (Unity) RunAssetImporterV2
0x00007ff7869f10d8 (Unity) Application::InitializeProject
0x00007ff786e4f828 (Unity) WinMain
0x00007ff7881d421e (Unity) __scrt_common_main_seh
0x00007ff8dfa77034 (KERNEL32) BaseThreadInitThunk
0x00007ff8e0402651 (ntdll) RtlUserThreadStart

========================================================================
Received Import Request.
  Time since last request: 173.249799 seconds.
  path: Packages/com.unity.perception/Tests/Runtime/Randomization/ScenarioTests/Resources/sampleIdLabelConfig.asset
  artifactKey: Guid(c3dce9f8036624486bdc1e97f0934aa1) Importer(815301076,1909f56bfc062723c751e8b465ee728b)
Start importing Packages/com.unity.perception/Tests/Runtime/Randomization/ScenarioTests/Resources/sampleIdLabelConfig.asset using Guid(c3dce9f8036624486bdc1e97f0934aa1) Importer(815301076,1909f56bfc062723c751e8b465ee728b)  -> (artifact id: '837c28dafce7b27e4b5fe10efa5bf899') in 0.021086 seconds 
========================================================================
Received Import Request.
  Time since last request: 10.317491 seconds.
  path: Packages/com.unity.perception/Tests/Runtime/Unity.Perception.Runtime.Tests.asmdef
  artifactKey: Guid(9bb66e7233867224ab0034ded12f01fc) Importer(815301076,1909f56bfc062723c751e8b465ee728b)
Start importing Packages/com.unity.perception/Tests/Runtime/Unity.Perception.Runtime.Tests.asmdef using Guid(9bb66e7233867224ab0034ded12f01fc) Importer(815301076,1909f56bfc062723c751e8b465ee728b)  -> (artifact id: '798079124d65e864e64c5c761d1e9eaa') in 0.019048 seconds 
========================================================================
Received Import Request.
  Time since last request: 1.572304 seconds.
  path: Packages/com.unity.perception/package.json
  artifactKey: Guid(c0ffe4c744a19c2428b3bcc79ab65eae) Importer(815301076,1909f56bfc062723c751e8b465ee728b)
Start importing Packages/com.unity.perception/package.json using Guid(c0ffe4c744a19c2428b3bcc79ab65eae) Importer(815301076,1909f56bfc062723c751e8b465ee728b)  -> (artifact id: '9c4a316683c7e219ffe5d285f8b331e2') in 0.033197 seconds 
========================================================================
Received Import Request.
  Time since last request: 63.783734 seconds.
  path: Assets/Resources/prefabs/characters/Banana Man.prefab
  artifactKey: Guid(5ea85f34c905ccf4a8d5176356d25fe6) Importer(815301076,1909f56bfc062723c751e8b465ee728b)
Start importing Assets/Resources/prefabs/characters/Banana Man.prefab using Guid(5ea85f34c905ccf4a8d5176356d25fe6) Importer(815301076,1909f56bfc062723c751e8b465ee728b)  -> (artifact id: '9e3fdcf53360c2582529ea93ac16caef') in 0.138392 seconds 
========================================================================
Received Import Request.
  Time since last request: 0.846548 seconds.
  path: Assets/Resources/prefabs/characters/Banana Man.prefab
  artifactKey: Guid(5ea85f34c905ccf4a8d5176356d25fe6) Importer(2089858483,0ecaa5967403d082aa24f35e1b516d23)
Start importing Assets/Resources/prefabs/characters/Banana Man.prefab using Guid(5ea85f34c905ccf4a8d5176356d25fe6) Importer(2089858483,0ecaa5967403d082aa24f35e1b516d23) Generated GUIDs only implemented for interfaces!
 -> (artifact id: '7a8727b8a9a14887d898890febb2e0f8') in 0.084316 seconds 
========================================================================
Received Prepare
Refreshing native plugins compatible for Editor in 15.06 ms, found 3 plugins.
Preloading 0 native plugins for Editor in 0.00 ms.
Unloading 33 Unused Serialized files (Serialized files now loaded: 0)
Unloading 33 unused Assets / (0.5 MB). Loaded Objects now: 5009.
Memory consumption went from 100.9 MB to 100.4 MB.
Total: 4.543000 ms (FindLiveObjects: 0.562200 ms CreateObjectMapping: 0.522400 ms MarkObjects: 3.276300 ms  DeleteObjects: 0.162700 ms)

AssetImportParameters requested are different than current active one (requested -> active):
  custom:video-decoder-ogg-theora: a1e56fd34408186e4bbccfd4996cb3dc -> 
  custom:container-muxer-webm: aa71ff27fc2769a1b78a27578f13a17b -> 
  custom:container-demuxer-webm: 4f35f7cbe854078d1ac9338744f61a02 -> 
  custom:video-encoder-webm-vp8: eb34c28f22e8b96e1ab97ce403110664 -> 
  custom:audio-encoder-webm-vorbis: bf7c407c2cedff20999df2af8eb42d56 -> 
  custom:framework-win-MediaFoundation: 216162199b28c13a410421893ffa2e32 -> 
  custom:SearchIndexIgnoredProperties: e643bd26f0fe6173181afceb89e7c659 -> 
  custom:container-demuxer-ogg: 62fdf1f143b41e24485cea50d1cbac27 -> 
  custom:video-decoder-webm-vp8: 9c59270c3fd7afecdb556c50c9e8de78 -> 
  custom:audio-decoder-ogg-vorbis: bf7c407c2cedff20999df2af8eb42d56 -> 
========================================================================
Received Import Request.
  Time since last request: 21.034573 seconds.
  path: Assets/StreamingAssets/UnityServicesProjectConfiguration.json
  artifactKey: Guid(6386b9e91fa9a644d890f01e4b6e23e2) Importer(2089858483,0ecaa5967403d082aa24f35e1b516d23)
Start importing Assets/StreamingAssets/UnityServicesProjectConfiguration.json using Guid(6386b9e91fa9a644d890f01e4b6e23e2) Importer(2089858483,0ecaa5967403d082aa24f35e1b516d23) Generated GUIDs only implemented for interfaces!
 -> (artifact id: '00000000000000000000000000000000') in 0.008077 seconds  code(4) message(Build asset version error: assets/streamingassets/unityservicesprojectconfiguration.json in SourceAssetDB has modification time of '2022-11-21T13:24:37.8991378Z' while content on disk has modification time of '0001-01-01T00:00:00Z' with error code 2
Stacktrace:
0x00007ff785ecffed (Unity) StackWalker::GetCurrentCallstack
0x00007ff785ed6cc9 (Unity) StackWalker::ShowCallstack
0x00007ff786e450e3 (Unity) GetStacktrace
0x00007ff7871df774 (Unity) GetAssetHashAndValidate
0x00007ff7871daf78 (Unity) AssetVersionBuilder::BuildHashOfSourceAssetArray
0x00007ff7871d8f4d (Unity) AssetVersionBuilder::BuildAssetVersion
0x00007ff78716106a (Unity) CreateAssetVersionBuilder
0x00007ff787167b63 (Unity) ImportToObjects
0x00007ff787166893 (Unity) ImportAsset
0x00007ff7871892b2 (Unity) AssetImportWorker::Import
0x00007ff7871eef34 (Unity) <lambda_9d91f4223b4733a7f58dbd02f611399e>::operator()
0x00007ff787230162 (Unity) asio::detail::completion_handler<core::mutable_function<void __cdecl(void)>,asio::io_context::basic_executor_type<std::allocator<void>,0> >::do_complete
0x00007ff78721c04e (Unity) asio::detail::win_iocp_io_context::do_one
0x00007ff78721dcb4 (Unity) asio::detail::win_iocp_io_context::run
0x00007ff78722e54e (Unity) IOService::Run
0x00007ff78720113f (Unity) AssetImportWorkerClient::Run
0x00007ff7871cb593 (Unity) RunAssetImportWorkerClientV2
0x00007ff7871cb61b (Unity) RunAssetImporterV2
0x00007ff7869f10d8 (Unity) Application::InitializeProject
0x00007ff786e4f828 (Unity) WinMain
0x00007ff7881d421e (Unity) __scrt_common_main_seh
0x00007ff8dfa77034 (KERNEL32) BaseThreadInitThunk
0x00007ff8e0402651 (ntdll) RtlUserThreadStart
)
  ERROR: Build asset version error: assets/streamingassets/unityservicesprojectconfiguration.json in SourceAssetDB has modification time of '2022-11-21T13:24:37.8991378Z' while content on disk has modification time of '0001-01-01T00:00:00Z' with error code 2
Stacktrace:
0x00007ff785ecffed (Unity) StackWalker::GetCurrentCallstack
0x00007ff785ed6cc9 (Unity) StackWalker::ShowCallstack
0x00007ff786e450e3 (Unity) GetStacktrace
0x00007ff7871df774 (Unity) GetAssetHashAndValidate
0x00007ff7871daf78 (Unity) AssetVersionBuilder::BuildHashOfSourceAssetArray
0x00007ff7871d8f4d (Unity) AssetVersionBuilder::BuildAssetVersion
0x00007ff78716106a (Unity) CreateAssetVersionBuilder
0x00007ff787167b63 (Unity) ImportToObjects
0x00007ff787166893 (Unity) ImportAsset
0x00007ff7871892b2 (Unity) AssetImportWorker::Import
0x00007ff7871eef34 (Unity) <lambda_9d91f4223b4733a7f58dbd02f611399e>::operator()
0x00007ff787230162 (Unity) asio::detail::completion_handler<core::mutable_function<void __cdecl(void)>,asio::io_context::basic_executor_type<std::allocator<void>,0> >::do_complete
0x00007ff78721c04e (Unity) asio::detail::win_iocp_io_context::do_one
0x00007ff78721dcb4 (Unity) asio::detail::win_iocp_io_context::run
0x00007ff78722e54e (Unity) IOService::Run
0x00007ff78720113f (Unity) AssetImportWorkerClient::Run
0x00007ff7871cb593 (Unity) RunAssetImportWorkerClientV2
0x00007ff7871cb61b (Unity) RunAssetImporterV2
0x00007ff7869f10d8 (Unity) Application::InitializeProject
0x00007ff786e4f828 (Unity) WinMain
0x00007ff7881d421e (Unity) __scrt_common_main_seh
0x00007ff8dfa77034 (KERNEL32) BaseThreadInitThunk
0x00007ff8e0402651 (ntdll) RtlUserThreadStart

========================================================================
Received Import Request.
  Time since last request: 130.073038 seconds.
  path: Assets/ImportedAssets/Banana Man/Banana Man.fbx
  artifactKey: Guid(5c21f602d4eefcc4dbcdd55321142ed8) Importer(815301076,1909f56bfc062723c751e8b465ee728b)
Start importing Assets/ImportedAssets/Banana Man/Banana Man.fbx using Guid(5c21f602d4eefcc4dbcdd55321142ed8) Importer(815301076,1909f56bfc062723c751e8b465ee728b)  -> (artifact id: '01249edbf38217e24d835878af4abb40') in 0.224733 seconds 
========================================================================
Received Import Request.
  Time since last request: 0.760389 seconds.
  path: Assets/ImportedAssets/Banana Man/Banana Man.fbx
  artifactKey: Guid(5c21f602d4eefcc4dbcdd55321142ed8) Importer(2089858483,0ecaa5967403d082aa24f35e1b516d23)
Start importing Assets/ImportedAssets/Banana Man/Banana Man.fbx using Guid(5c21f602d4eefcc4dbcdd55321142ed8) Importer(2089858483,0ecaa5967403d082aa24f35e1b516d23) Generated GUIDs only implemented for interfaces!
 -> (artifact id: 'ee9148ad7248d060f81a6ab59ed32376') in 0.063413 seconds 
========================================================================
Received Prepare
Refreshing native plugins compatible for Editor in 8.33 ms, found 3 plugins.
Preloading 0 native plugins for Editor in 0.00 ms.
Unloading 33 Unused Serialized files (Serialized files now loaded: 0)
Unloading 33 unused Assets / (0.5 MB). Loaded Objects now: 5045.
Memory consumption went from 101.4 MB to 100.9 MB.
Total: 3.674600 ms (FindLiveObjects: 0.435100 ms CreateObjectMapping: 0.393400 ms MarkObjects: 2.725800 ms  DeleteObjects: 0.119600 ms)

AssetImportParameters requested are different than current active one (requested -> active):
  custom:video-decoder-ogg-theora: a1e56fd34408186e4bbccfd4996cb3dc -> 
  custom:container-muxer-webm: aa71ff27fc2769a1b78a27578f13a17b -> 
  custom:container-demuxer-webm: 4f35f7cbe854078d1ac9338744f61a02 -> 
  custom:video-encoder-webm-vp8: eb34c28f22e8b96e1ab97ce403110664 -> 
  custom:audio-encoder-webm-vorbis: bf7c407c2cedff20999df2af8eb42d56 -> 
  custom:framework-win-MediaFoundation: 216162199b28c13a410421893ffa2e32 -> 
  custom:SearchIndexIgnoredProperties: e643bd26f0fe6173181afceb89e7c659 -> 
  custom:container-demuxer-ogg: 62fdf1f143b41e24485cea50d1cbac27 -> 
  custom:video-decoder-webm-vp8: 9c59270c3fd7afecdb556c50c9e8de78 -> 
  custom:audio-decoder-ogg-vorbis: bf7c407c2cedff20999df2af8eb42d56 -> 
========================================================================
Received Import Request.
  Time since last request: 16.114685 seconds.
  path: Assets/StreamingAssets/UnityServicesProjectConfiguration.json
  artifactKey: Guid(6386b9e91fa9a644d890f01e4b6e23e2) Importer(2089858483,0ecaa5967403d082aa24f35e1b516d23)
Start importing Assets/StreamingAssets/UnityServicesProjectConfiguration.json using Guid(6386b9e91fa9a644d890f01e4b6e23e2) Importer(2089858483,0ecaa5967403d082aa24f35e1b516d23) Generated GUIDs only implemented for interfaces!
 -> (artifact id: '00000000000000000000000000000000') in 0.010617 seconds  code(4) message(Build asset version error: assets/streamingassets/unityservicesprojectconfiguration.json in SourceAssetDB has modification time of '2022-11-21T13:27:06.7258915Z' while content on disk has modification time of '0001-01-01T00:00:00Z' with error code 2
Stacktrace:
0x00007ff785ecffed (Unity) StackWalker::GetCurrentCallstack
0x00007ff785ed6cc9 (Unity) StackWalker::ShowCallstack
0x00007ff786e450e3 (Unity) GetStacktrace
0x00007ff7871df774 (Unity) GetAssetHashAndValidate
0x00007ff7871daf78 (Unity) AssetVersionBuilder::BuildHashOfSourceAssetArray
0x00007ff7871d8f4d (Unity) AssetVersionBuilder::BuildAssetVersion
0x00007ff78716106a (Unity) CreateAssetVersionBuilder
0x00007ff787167b63 (Unity) ImportToObjects
0x00007ff787166893 (Unity) ImportAsset
0x00007ff7871892b2 (Unity) AssetImportWorker::Import
0x00007ff7871eef34 (Unity) <lambda_9d91f4223b4733a7f58dbd02f611399e>::operator()
0x00007ff787230162 (Unity) asio::detail::completion_handler<core::mutable_function<void __cdecl(void)>,asio::io_context::basic_executor_type<std::allocator<void>,0> >::do_complete
0x00007ff78721c04e (Unity) asio::detail::win_iocp_io_context::do_one
0x00007ff78721dcb4 (Unity) asio::detail::win_iocp_io_context::run
0x00007ff78722e54e (Unity) IOService::Run
0x00007ff78720113f (Unity) AssetImportWorkerClient::Run
0x00007ff7871cb593 (Unity) RunAssetImportWorkerClientV2
0x00007ff7871cb61b (Unity) RunAssetImporterV2
0x00007ff7869f10d8 (Unity) Application::InitializeProject
0x00007ff786e4f828 (Unity) WinMain
0x00007ff7881d421e (Unity) __scrt_common_main_seh
0x00007ff8dfa77034 (KERNEL32) BaseThreadInitThunk
0x00007ff8e0402651 (ntdll) RtlUserThreadStart
)
  ERROR: Build asset version error: assets/streamingassets/unityservicesprojectconfiguration.json in SourceAssetDB has modification time of '2022-11-21T13:27:06.7258915Z' while content on disk has modification time of '0001-01-01T00:00:00Z' with error code 2
Stacktrace:
0x00007ff785ecffed (Unity) StackWalker::GetCurrentCallstack
0x00007ff785ed6cc9 (Unity) StackWalker::ShowCallstack
0x00007ff786e450e3 (Unity) GetStacktrace
0x00007ff7871df774 (Unity) GetAssetHashAndValidate
0x00007ff7871daf78 (Unity) AssetVersionBuilder::BuildHashOfSourceAssetArray
0x00007ff7871d8f4d (Unity) AssetVersionBuilder::BuildAssetVersion
0x00007ff78716106a (Unity) CreateAssetVersionBuilder
0x00007ff787167b63 (Unity) ImportToObjects
0x00007ff787166893 (Unity) ImportAsset
0x00007ff7871892b2 (Unity) AssetImportWorker::Import
0x00007ff7871eef34 (Unity) <lambda_9d91f4223b4733a7f58dbd02f611399e>::operator()
0x00007ff787230162 (Unity) asio::detail::completion_handler<core::mutable_function<void __cdecl(void)>,asio::io_context::basic_executor_type<std::allocator<void>,0> >::do_complete
0x00007ff78721c04e (Unity) asio::detail::win_iocp_io_context::do_one
0x00007ff78721dcb4 (Unity) asio::detail::win_iocp_io_context::run
0x00007ff78722e54e (Unity) IOService::Run
0x00007ff78720113f (Unity) AssetImportWorkerClient::Run
0x00007ff7871cb593 (Unity) RunAssetImportWorkerClientV2
0x00007ff7871cb61b (Unity) RunAssetImporterV2
0x00007ff7869f10d8 (Unity) Application::InitializeProject
0x00007ff786e4f828 (Unity) WinMain
0x00007ff7881d421e (Unity) __scrt_common_main_seh
0x00007ff8dfa77034 (KERNEL32) BaseThreadInitThunk
0x00007ff8e0402651 (ntdll) RtlUserThreadStart

========================================================================
Received Prepare
Registering precompiled user dll's ...
Registered in 0.017985 seconds.
Begin MonoManager ReloadAssembly
Symbol file LoadedFromMemory doesn't match image C:\Users\Clarence\Documents\School\Internship\Astar\UnsupervisedMultiModalLearning\DetermiNet\DetermiNetProject\Library\PackageCache\com.unity.visualscripting@1.7.8\Editor\VisualScripting.Core\Dependencies\YamlDotNet\Unity.VisualScripting.YamlDotNet.dll
Symbol file LoadedFromMemory doesn't match image C:\Users\Clarence\Documents\School\Internship\Astar\UnsupervisedMultiModalLearning\DetermiNet\DetermiNetProject\Library\PackageCache\com.unity.visualscripting@1.7.8\Editor\VisualScripting.Core\Dependencies\DotNetZip\Unity.VisualScripting.IonicZip.dll
Native extension for UWP target not found
Native extension for LinuxStandalone target not found
Native extension for WindowsStandalone target not found
Refreshing native plugins compatible for Editor in 0.83 ms, found 3 plugins.
Preloading 0 native plugins for Editor in 0.00 ms.
[Package Manager] Server::EnsureServerProcessIsRunning -- launch failed, reason: Unity was launched with the -noUpm command-line argument
[Package Manager] Cannot connect to Unity Package Manager local server
Cannot connect to Unity Package Manager local server
UnityEngine.StackTraceUtility:ExtractStackTrace ()
UnityEngine.DebugLogHandler:LogFormat (UnityEngine.LogType,UnityEngine.Object,string,object[])
UnityEngine.Logger:Log (UnityEngine.LogType,object)
UnityEngine.Debug:LogError (object)
UnityEditor.Perception.Visualizer.PythonForUnityInstaller:CheckIfPackageInstalled () (at Library/PackageCache/com.unity.perception@0.11.2-preview.2/Editor/Visualizer/PythonForUnityInstaller.cs:53)
UnityEditor.Perception.Visualizer.PythonForUnityInstaller:Add () (at Library/PackageCache/com.unity.perception@0.11.2-preview.2/Editor/Visualizer/PythonForUnityInstaller.cs:20)
UnityEditor.Perception.Visualizer.PythonForUnityInstaller:.cctor () (at Library/PackageCache/com.unity.perception@0.11.2-preview.2/Editor/Visualizer/PythonForUnityInstaller.cs:15)
System.Runtime.CompilerServices.RuntimeHelpers:RunClassConstructor (System.RuntimeTypeHandle)
UnityEditor.EditorAssemblies:ProcessInitializeOnLoadAttributes (System.Type[])

(Filename: Library/PackageCache/com.unity.perception@0.11.2-preview.2/Editor/Visualizer/PythonForUnityInstaller.cs Line: 53)

[Package Manager] Server::EnsureServerProcessIsRunning -- launch failed, reason: Unity was launched with the -noUpm command-line argument
[Package Manager] Cannot connect to Unity Package Manager local server
Cannot connect to Unity Package Manager local server
UnityEngine.StackTraceUtility:ExtractStackTrace ()
UnityEngine.DebugLogHandler:LogFormat (UnityEngine.LogType,UnityEngine.Object,string,object[])
UnityEngine.Logger:Log (UnityEngine.LogType,object)
UnityEngine.Debug:Log (object)
UnityEditor.Perception.Visualizer.PythonForUnityInstaller:Add () (at Library/PackageCache/com.unity.perception@0.11.2-preview.2/Editor/Visualizer/PythonForUnityInstaller.cs:31)
UnityEditor.Perception.Visualizer.PythonForUnityInstaller:.cctor () (at Library/PackageCache/com.unity.perception@0.11.2-preview.2/Editor/Visualizer/PythonForUnityInstaller.cs:15)
System.Runtime.CompilerServices.RuntimeHelpers:RunClassConstructor (System.RuntimeTypeHandle)
UnityEditor.EditorAssemblies:ProcessInitializeOnLoadAttributes (System.Type[])

(Filename: Library/PackageCache/com.unity.perception@0.11.2-preview.2/Editor/Visualizer/PythonForUnityInstaller.cs Line: 31)

Mono: successfully reloaded assembly
- Completed reload, in  1.801 seconds
Domain Reload Profiling:
	ReloadAssembly (1801ms)
		BeginReloadAssembly (151ms)
			ExecutionOrderSort (0ms)
			DisableScriptedObjects (4ms)
			BackupInstance (0ms)
			ReleaseScriptingObjects (0ms)
			CreateAndSetChildDomain (41ms)
		EndReloadAssembly (1548ms)
			LoadAssemblies (108ms)
			RebuildTransferFunctionScriptingTraits (0ms)
			SetupTypeCache (279ms)
			ReleaseScriptCaches (1ms)
			RebuildScriptCaches (40ms)
			SetupLoadedEditorAssemblies (1090ms)
				LogAssemblyErrors (0ms)
				InitializePlatformSupportModulesInManaged (18ms)
				SetLoadedEditorAssemblies (0ms)
				RefreshPlugins (1ms)
				BeforeProcessingInitializeOnLoad (81ms)
				ProcessInitializeOnLoadAttributes (909ms)
				ProcessInitializeOnLoadMethodAttributes (69ms)
				AfterProcessingInitializeOnLoad (12ms)
				EditorAssembliesLoaded (0ms)
			ExecutionOrderSort2 (0ms)
			AwakeInstancesAfterBackupRestoration (8ms)
Platform modules already initialized, skipping
Refreshing native plugins compatible for Editor in 2.86 ms, found 3 plugins.
Preloading 0 native plugins for Editor in 0.00 ms.
Unloading 4525 Unused Serialized files (Serialized files now loaded: 0)
Unloading 33 unused Assets / (0.5 MB). Loaded Objects now: 5059.
Memory consumption went from 192.7 MB to 192.2 MB.
Total: 3.573500 ms (FindLiveObjects: 0.335700 ms CreateObjectMapping: 0.410300 ms MarkObjects: 2.667100 ms  DeleteObjects: 0.159500 ms)

AssetImportParameters requested are different than current active one (requested -> active):
  custom:video-decoder-ogg-theora: a1e56fd34408186e4bbccfd4996cb3dc -> 
  custom:container-muxer-webm: aa71ff27fc2769a1b78a27578f13a17b -> 
  custom:container-demuxer-webm: 4f35f7cbe854078d1ac9338744f61a02 -> 
  custom:video-encoder-webm-vp8: eb34c28f22e8b96e1ab97ce403110664 -> 
  custom:audio-encoder-webm-vorbis: bf7c407c2cedff20999df2af8eb42d56 -> 
  custom:framework-win-MediaFoundation: 216162199b28c13a410421893ffa2e32 -> 
  custom:SearchIndexIgnoredProperties: e643bd26f0fe6173181afceb89e7c659 -> 
  custom:container-demuxer-ogg: 62fdf1f143b41e24485cea50d1cbac27 -> 
  custom:video-decoder-webm-vp8: 9c59270c3fd7afecdb556c50c9e8de78 -> 
  custom:audio-decoder-ogg-vorbis: bf7c407c2cedff20999df2af8eb42d56 -> 
========================================================================
Received Prepare
Registering precompiled user dll's ...
Registered in 0.015696 seconds.
Begin MonoManager ReloadAssembly
Symbol file LoadedFromMemory doesn't match image C:\Users\Clarence\Documents\School\Internship\Astar\UnsupervisedMultiModalLearning\DetermiNet\DetermiNetProject\Library\PackageCache\com.unity.visualscripting@1.7.8\Editor\VisualScripting.Core\Dependencies\YamlDotNet\Unity.VisualScripting.YamlDotNet.dll
Symbol file LoadedFromMemory doesn't match image C:\Users\Clarence\Documents\School\Internship\Astar\UnsupervisedMultiModalLearning\DetermiNet\DetermiNetProject\Library\PackageCache\com.unity.visualscripting@1.7.8\Editor\VisualScripting.Core\Dependencies\DotNetZip\Unity.VisualScripting.IonicZip.dll
Native extension for UWP target not found
Native extension for LinuxStandalone target not found
Native extension for WindowsStandalone target not found
Refreshing native plugins compatible for Editor in 1.02 ms, found 3 plugins.
Preloading 0 native plugins for Editor in 0.00 ms.
[Package Manager] Server::EnsureServerProcessIsRunning -- launch failed, reason: Unity was launched with the -noUpm command-line argument
[Package Manager] Cannot connect to Unity Package Manager local server
Cannot connect to Unity Package Manager local server
UnityEngine.StackTraceUtility:ExtractStackTrace ()
UnityEngine.DebugLogHandler:LogFormat (UnityEngine.LogType,UnityEngine.Object,string,object[])
UnityEngine.Logger:Log (UnityEngine.LogType,object)
UnityEngine.Debug:LogError (object)
UnityEditor.Perception.Visualizer.PythonForUnityInstaller:CheckIfPackageInstalled () (at Library/PackageCache/com.unity.perception@0.11.2-preview.2/Editor/Visualizer/PythonForUnityInstaller.cs:53)
UnityEditor.Perception.Visualizer.PythonForUnityInstaller:Add () (at Library/PackageCache/com.unity.perception@0.11.2-preview.2/Editor/Visualizer/PythonForUnityInstaller.cs:20)
UnityEditor.Perception.Visualizer.PythonForUnityInstaller:.cctor () (at Library/PackageCache/com.unity.perception@0.11.2-preview.2/Editor/Visualizer/PythonForUnityInstaller.cs:15)
System.Runtime.CompilerServices.RuntimeHelpers:RunClassConstructor (System.RuntimeTypeHandle)
UnityEditor.EditorAssemblies:ProcessInitializeOnLoadAttributes (System.Type[])

(Filename: Library/PackageCache/com.unity.perception@0.11.2-preview.2/Editor/Visualizer/PythonForUnityInstaller.cs Line: 53)

[Package Manager] Server::EnsureServerProcessIsRunning -- launch failed, reason: Unity was launched with the -noUpm command-line argument
[Package Manager] Cannot connect to Unity Package Manager local server
Cannot connect to Unity Package Manager local server
UnityEngine.StackTraceUtility:ExtractStackTrace ()
UnityEngine.DebugLogHandler:LogFormat (UnityEngine.LogType,UnityEngine.Object,string,object[])
UnityEngine.Logger:Log (UnityEngine.LogType,object)
UnityEngine.Debug:Log (object)
UnityEditor.Perception.Visualizer.PythonForUnityInstaller:Add () (at Library/PackageCache/com.unity.perception@0.11.2-preview.2/Editor/Visualizer/PythonForUnityInstaller.cs:31)
UnityEditor.Perception.Visualizer.PythonForUnityInstaller:.cctor () (at Library/PackageCache/com.unity.perception@0.11.2-preview.2/Editor/Visualizer/PythonForUnityInstaller.cs:15)
System.Runtime.CompilerServices.RuntimeHelpers:RunClassConstructor (System.RuntimeTypeHandle)
UnityEditor.EditorAssemblies:ProcessInitializeOnLoadAttributes (System.Type[])

(Filename: Library/PackageCache/com.unity.perception@0.11.2-preview.2/Editor/Visualizer/PythonForUnityInstaller.cs Line: 31)

Mono: successfully reloaded assembly
- Completed reload, in  1.838 seconds
Domain Reload Profiling:
	ReloadAssembly (1838ms)
		BeginReloadAssembly (154ms)
			ExecutionOrderSort (0ms)
			DisableScriptedObjects (5ms)
			BackupInstance (0ms)
			ReleaseScriptingObjects (0ms)
			CreateAndSetChildDomain (41ms)
		EndReloadAssembly (1566ms)
			LoadAssemblies (131ms)
			RebuildTransferFunctionScriptingTraits (0ms)
			SetupTypeCache (285ms)
			ReleaseScriptCaches (1ms)
			RebuildScriptCaches (41ms)
			SetupLoadedEditorAssemblies (1080ms)
				LogAssemblyErrors (0ms)
				InitializePlatformSupportModulesInManaged (18ms)
				SetLoadedEditorAssemblies (0ms)
				RefreshPlugins (1ms)
				BeforeProcessingInitializeOnLoad (88ms)
				ProcessInitializeOnLoadAttributes (892ms)
				ProcessInitializeOnLoadMethodAttributes (68ms)
				AfterProcessingInitializeOnLoad (11ms)
				EditorAssembliesLoaded (0ms)
			ExecutionOrderSort2 (0ms)
			AwakeInstancesAfterBackupRestoration (8ms)
Platform modules already initialized, skipping
Refreshing native plugins compatible for Editor in 2.81 ms, found 3 plugins.
Preloading 0 native plugins for Editor in 0.00 ms.
Unloading 4525 Unused Serialized files (Serialized files now loaded: 0)
Unloading 33 unused Assets / (0.5 MB). Loaded Objects now: 5074.
Memory consumption went from 192.7 MB to 192.2 MB.
Total: 3.333100 ms (FindLiveObjects: 0.311000 ms CreateObjectMapping: 0.277500 ms MarkObjects: 2.636800 ms  DeleteObjects: 0.107200 ms)

AssetImportParameters requested are different than current active one (requested -> active):
  custom:video-decoder-ogg-theora: a1e56fd34408186e4bbccfd4996cb3dc -> 
  custom:container-muxer-webm: aa71ff27fc2769a1b78a27578f13a17b -> 
  custom:container-demuxer-webm: 4f35f7cbe854078d1ac9338744f61a02 -> 
  custom:video-encoder-webm-vp8: eb34c28f22e8b96e1ab97ce403110664 -> 
  custom:audio-encoder-webm-vorbis: bf7c407c2cedff20999df2af8eb42d56 -> 
  custom:framework-win-MediaFoundation: 216162199b28c13a410421893ffa2e32 -> 
  custom:SearchIndexIgnoredProperties: e643bd26f0fe6173181afceb89e7c659 -> 
  custom:container-demuxer-ogg: 62fdf1f143b41e24485cea50d1cbac27 -> 
  custom:video-decoder-webm-vp8: 9c59270c3fd7afecdb556c50c9e8de78 -> 
  custom:audio-decoder-ogg-vorbis: bf7c407c2cedff20999df2af8eb42d56 -> 
========================================================================
Received Prepare
Refreshing native plugins compatible for Editor in 12.03 ms, found 3 plugins.
Preloading 0 native plugins for Editor in 0.00 ms.
Unloading 33 Unused Serialized files (Serialized files now loaded: 0)
Unloading 33 unused Assets / (0.5 MB). Loaded Objects now: 5074.
Memory consumption went from 101.1 MB to 100.6 MB.
Total: 5.298200 ms (FindLiveObjects: 0.547300 ms CreateObjectMapping: 0.578800 ms MarkObjects: 3.932900 ms  DeleteObjects: 0.238400 ms)

AssetImportParameters requested are different than current active one (requested -> active):
  custom:video-decoder-ogg-theora: a1e56fd34408186e4bbccfd4996cb3dc -> 
  custom:container-muxer-webm: aa71ff27fc2769a1b78a27578f13a17b -> 
  custom:container-demuxer-webm: 4f35f7cbe854078d1ac9338744f61a02 -> 
  custom:video-encoder-webm-vp8: eb34c28f22e8b96e1ab97ce403110664 -> 
  custom:audio-encoder-webm-vorbis: bf7c407c2cedff20999df2af8eb42d56 -> 
  custom:framework-win-MediaFoundation: 216162199b28c13a410421893ffa2e32 -> 
  custom:SearchIndexIgnoredProperties: e643bd26f0fe6173181afceb89e7c659 -> 
  custom:container-demuxer-ogg: 62fdf1f143b41e24485cea50d1cbac27 -> 
  custom:video-decoder-webm-vp8: 9c59270c3fd7afecdb556c50c9e8de78 -> 
  custom:audio-decoder-ogg-vorbis: bf7c407c2cedff20999df2af8eb42d56 -> 
========================================================================
Received Prepare
Refreshing native plugins compatible for Editor in 8.14 ms, found 3 plugins.
Preloading 0 native plugins for Editor in 0.00 ms.
Unloading 33 Unused Serialized files (Serialized files now loaded: 0)
Unloading 33 unused Assets / (0.5 MB). Loaded Objects now: 5074.
Memory consumption went from 101.1 MB to 100.6 MB.
Total: 3.009500 ms (FindLiveObjects: 0.357000 ms CreateObjectMapping: 0.277100 ms MarkObjects: 2.242900 ms  DeleteObjects: 0.131700 ms)

AssetImportParameters requested are different than current active one (requested -> active):
  custom:video-decoder-ogg-theora: a1e56fd34408186e4bbccfd4996cb3dc -> 
  custom:container-muxer-webm: aa71ff27fc2769a1b78a27578f13a17b -> 
  custom:container-demuxer-webm: 4f35f7cbe854078d1ac9338744f61a02 -> 
  custom:video-encoder-webm-vp8: eb34c28f22e8b96e1ab97ce403110664 -> 
  custom:audio-encoder-webm-vorbis: bf7c407c2cedff20999df2af8eb42d56 -> 
  custom:framework-win-MediaFoundation: 216162199b28c13a410421893ffa2e32 -> 
  custom:SearchIndexIgnoredProperties: e643bd26f0fe6173181afceb89e7c659 -> 
  custom:container-demuxer-ogg: 62fdf1f143b41e24485cea50d1cbac27 -> 
  custom:video-decoder-webm-vp8: 9c59270c3fd7afecdb556c50c9e8de78 -> 
  custom:audio-decoder-ogg-vorbis: bf7c407c2cedff20999df2af8eb42d56 -> 
========================================================================
Received Prepare
Refreshing native plugins compatible for Editor in 9.81 ms, found 3 plugins.
Preloading 0 native plugins for Editor in 0.00 ms.
Unloading 33 Unused Serialized files (Serialized files now loaded: 0)
Unloading 33 unused Assets / (0.5 MB). Loaded Objects now: 5074.
Memory consumption went from 101.1 MB to 100.6 MB.
Total: 2.974400 ms (FindLiveObjects: 0.344000 ms CreateObjectMapping: 0.284300 ms MarkObjects: 2.207900 ms  DeleteObjects: 0.137600 ms)

AssetImportParameters requested are different than current active one (requested -> active):
  custom:video-decoder-ogg-theora: a1e56fd34408186e4bbccfd4996cb3dc -> 
  custom:container-muxer-webm: aa71ff27fc2769a1b78a27578f13a17b -> 
  custom:container-demuxer-webm: 4f35f7cbe854078d1ac9338744f61a02 -> 
  custom:video-encoder-webm-vp8: eb34c28f22e8b96e1ab97ce403110664 -> 
  custom:audio-encoder-webm-vorbis: bf7c407c2cedff20999df2af8eb42d56 -> 
  custom:framework-win-MediaFoundation: 216162199b28c13a410421893ffa2e32 -> 
  custom:SearchIndexIgnoredProperties: e643bd26f0fe6173181afceb89e7c659 -> 
  custom:container-demuxer-ogg: 62fdf1f143b41e24485cea50d1cbac27 -> 
  custom:video-decoder-webm-vp8: 9c59270c3fd7afecdb556c50c9e8de78 -> 
  custom:audio-decoder-ogg-vorbis: bf7c407c2cedff20999df2af8eb42d56 -> 
========================================================================
Received Prepare
Refreshing native plugins compatible for Editor in 7.31 ms, found 3 plugins.
Preloading 0 native plugins for Editor in 0.00 ms.
Unloading 33 Unused Serialized files (Serialized files now loaded: 0)
Unloading 33 unused Assets / (0.5 MB). Loaded Objects now: 5074.
Memory consumption went from 101.1 MB to 100.6 MB.
Total: 2.834700 ms (FindLiveObjects: 0.311900 ms CreateObjectMapping: 0.294400 ms MarkObjects: 2.110300 ms  DeleteObjects: 0.117600 ms)

AssetImportParameters requested are different than current active one (requested -> active):
  custom:video-decoder-ogg-theora: a1e56fd34408186e4bbccfd4996cb3dc -> 
  custom:container-muxer-webm: aa71ff27fc2769a1b78a27578f13a17b -> 
  custom:container-demuxer-webm: 4f35f7cbe854078d1ac9338744f61a02 -> 
  custom:video-encoder-webm-vp8: eb34c28f22e8b96e1ab97ce403110664 -> 
  custom:audio-encoder-webm-vorbis: bf7c407c2cedff20999df2af8eb42d56 -> 
  custom:framework-win-MediaFoundation: 216162199b28c13a410421893ffa2e32 -> 
  custom:SearchIndexIgnoredProperties: e643bd26f0fe6173181afceb89e7c659 -> 
  custom:container-demuxer-ogg: 62fdf1f143b41e24485cea50d1cbac27 -> 
  custom:video-decoder-webm-vp8: 9c59270c3fd7afecdb556c50c9e8de78 -> 
  custom:audio-decoder-ogg-vorbis: bf7c407c2cedff20999df2af8eb42d56 -> 
========================================================================
Received Prepare
Refreshing native plugins compatible for Editor in 8.71 ms, found 3 plugins.
Preloading 0 native plugins for Editor in 0.00 ms.
Unloading 33 Unused Serialized files (Serialized files now loaded: 0)
Unloading 33 unused Assets / (0.5 MB). Loaded Objects now: 5074.
Memory consumption went from 101.1 MB to 100.6 MB.
Total: 5.854000 ms (FindLiveObjects: 1.518800 ms CreateObjectMapping: 0.870400 ms MarkObjects: 3.263300 ms  DeleteObjects: 0.200400 ms)

AssetImportParameters requested are different than current active one (requested -> active):
  custom:video-decoder-ogg-theora: a1e56fd34408186e4bbccfd4996cb3dc -> 
  custom:container-muxer-webm: aa71ff27fc2769a1b78a27578f13a17b -> 
  custom:container-demuxer-webm: 4f35f7cbe854078d1ac9338744f61a02 -> 
  custom:video-encoder-webm-vp8: eb34c28f22e8b96e1ab97ce403110664 -> 
  custom:audio-encoder-webm-vorbis: bf7c407c2cedff20999df2af8eb42d56 -> 
  custom:framework-win-MediaFoundation: 216162199b28c13a410421893ffa2e32 -> 
  custom:SearchIndexIgnoredProperties: e643bd26f0fe6173181afceb89e7c659 -> 
  custom:container-demuxer-ogg: 62fdf1f143b41e24485cea50d1cbac27 -> 
  custom:video-decoder-webm-vp8: 9c59270c3fd7afecdb556c50c9e8de78 -> 
  custom:audio-decoder-ogg-vorbis: bf7c407c2cedff20999df2af8eb42d56 -> 
========================================================================
Received Prepare
Refreshing native plugins compatible for Editor in 8.05 ms, found 3 plugins.
Preloading 0 native plugins for Editor in 0.00 ms.
Unloading 33 Unused Serialized files (Serialized files now loaded: 0)
Unloading 33 unused Assets / (0.5 MB). Loaded Objects now: 5074.
Memory consumption went from 101.1 MB to 100.6 MB.
Total: 3.347200 ms (FindLiveObjects: 0.318300 ms CreateObjectMapping: 0.268200 ms MarkObjects: 2.633700 ms  DeleteObjects: 0.126300 ms)

AssetImportParameters requested are different than current active one (requested -> active):
  custom:video-decoder-ogg-theora: a1e56fd34408186e4bbccfd4996cb3dc -> 
  custom:container-muxer-webm: aa71ff27fc2769a1b78a27578f13a17b -> 
  custom:container-demuxer-webm: 4f35f7cbe854078d1ac9338744f61a02 -> 
  custom:video-encoder-webm-vp8: eb34c28f22e8b96e1ab97ce403110664 -> 
  custom:audio-encoder-webm-vorbis: bf7c407c2cedff20999df2af8eb42d56 -> 
  custom:framework-win-MediaFoundation: 216162199b28c13a410421893ffa2e32 -> 
  custom:SearchIndexIgnoredProperties: e643bd26f0fe6173181afceb89e7c659 -> 
  custom:container-demuxer-ogg: 62fdf1f143b41e24485cea50d1cbac27 -> 
  custom:video-decoder-webm-vp8: 9c59270c3fd7afecdb556c50c9e8de78 -> 
  custom:audio-decoder-ogg-vorbis: bf7c407c2cedff20999df2af8eb42d56 -> 
