Using pre-set license
Built from '2021.3/staging' branch; Version is '2021.3.9f1 (ad3870b89536) revision 11352176'; Using compiler version '192829333'; Build Type 'Release'
OS: 'Windows 10  (10.0.19043) 64bit Core' Language: 'en' Physical Memory: 32561 MB
BatchMode: 1, IsHumanControllingUs: 0, StartBugReporterOnCrash: 0, Is64bit: 1, IsPro: 1

COMMAND LINE ARGUMENTS:
C:\Program Files\Unity\Hub\Editor\2021.3.9f1\Editor\Unity.exe
-adb2
-batchMode
-noUpm
-name
AssetImportWorker1
-projectPath
C:/Users/Clarence/Documents/School/Internship/Astar/UnsupervisedMultiModalLearning/DetermiNet/DetermiNetProject
-logFile
Logs/AssetImportWorker1.log
-srvPort
56361
Successfully changed project path to: C:/Users/Clarence/Documents/School/Internship/Astar/UnsupervisedMultiModalLearning/DetermiNet/DetermiNetProject
C:/Users/Clarence/Documents/School/Internship/Astar/UnsupervisedMultiModalLearning/DetermiNet/DetermiNetProject
[UnityMemory] Configuration Parameters - Can be set up in boot.config
    "memorysetup-bucket-allocator-granularity=16"
    "memorysetup-bucket-allocator-bucket-count=8"
    "memorysetup-bucket-allocator-block-size=33554432"
    "memorysetup-bucket-allocator-block-count=8"
    "memorysetup-main-allocator-block-size=16777216"
    "memorysetup-thread-allocator-block-size=16777216"
    "memorysetup-gfx-main-allocator-block-size=16777216"
    "memorysetup-gfx-thread-allocator-block-size=16777216"
    "memorysetup-cache-allocator-block-size=4194304"
    "memorysetup-typetree-allocator-block-size=2097152"
    "memorysetup-profiler-bucket-allocator-granularity=16"
    "memorysetup-profiler-bucket-allocator-bucket-count=8"
    "memorysetup-profiler-bucket-allocator-block-size=33554432"
    "memorysetup-profiler-bucket-allocator-block-count=8"
    "memorysetup-profiler-allocator-block-size=16777216"
    "memorysetup-profiler-editor-allocator-block-size=1048576"
    "memorysetup-temp-allocator-size-main=16777216"
    "memorysetup-job-temp-allocator-block-size=2097152"
    "memorysetup-job-temp-allocator-block-size-background=1048576"
    "memorysetup-job-temp-allocator-reduction-small-platforms=262144"
    "memorysetup-temp-allocator-size-background-worker=32768"
    "memorysetup-temp-allocator-size-job-worker=262144"
    "memorysetup-temp-allocator-size-preload-manager=33554432"
    "memorysetup-temp-allocator-size-nav-mesh-worker=65536"
    "memorysetup-temp-allocator-size-audio-worker=65536"
    "memorysetup-temp-allocator-size-cloud-worker=32768"
    "memorysetup-temp-allocator-size-gi-baking-worker=262144"
    "memorysetup-temp-allocator-size-gfx=262144"
Refreshing native plugins compatible for Editor in 101.59 ms, found 3 plugins.
Preloading 0 native plugins for Editor in 0.00 ms.
Initialize engine version: 2021.3.9f1 (ad3870b89536)
[Subsystems] Discovering subsystems at path C:/Program Files/Unity/Hub/Editor/2021.3.9f1/Editor/Data/Resources/UnitySubsystems
[Subsystems] Discovering subsystems at path C:/Users/Clarence/Documents/School/Internship/Astar/UnsupervisedMultiModalLearning/DetermiNet/DetermiNetProject/Assets
GfxDevice: creating device client; threaded=0; jobified=0
Direct3D:
    Version:  Direct3D 11.0 [level 11.1]
    Renderer: NVIDIA GeForce RTX 2060 (ID=0x1f15)
    Vendor:   NVIDIA
    VRAM:     5980 MB
    Driver:   30.0.15.1169
Initialize mono
Mono path[0] = 'C:/Program Files/Unity/Hub/Editor/2021.3.9f1/Editor/Data/Managed'
Mono path[1] = 'C:/Program Files/Unity/Hub/Editor/2021.3.9f1/Editor/Data/MonoBleedingEdge/lib/mono/unityjit-win32'
Mono config path = 'C:/Program Files/Unity/Hub/Editor/2021.3.9f1/Editor/Data/MonoBleedingEdge/etc'
Using monoOptions --debugger-agent=transport=dt_socket,embedding=1,server=y,suspend=n,address=127.0.0.1:56768
Begin MonoManager ReloadAssembly
Registering precompiled unity dll's ...
Trying to register platform support module: C:/Program Files/Unity/Hub/Editor/2021.3.9f1/Editor/Data/PlaybackEngines/WebGLSupport/UnityEditor.WebGL.Extensions.dll (that doesn't exist). Retrying without overrides.
Platform support module is not available: C:/Program Files/Unity/Hub/Editor/2021.3.9f1/Editor/Data/PlaybackEngines/WebGLSupport/UnityEditor.WebGL.Extensions.dll
Register platform support module: C:/Program Files/Unity/Hub/Editor/2021.3.9f1/Editor/Data/PlaybackEngines/WindowsStandaloneSupport/UnityEditor.WindowsStandalone.Extensions.dll
Register platform support module: C:/Program Files/Unity/Hub/Editor/2021.3.9f1/Editor/Data/PlaybackEngines/LinuxStandaloneSupport/UnityEditor.LinuxStandalone.Extensions.dll
Register platform support module: C:/Program Files/Unity/Hub/Editor/2021.3.9f1/Editor/Data/PlaybackEngines/MetroSupport/UnityEditor.UWP.Extensions.dll
Registered in 0.014994 seconds.
Native extension for UWP target not found
Native extension for LinuxStandalone target not found
Native extension for WindowsStandalone target not found
Refreshing native plugins compatible for Editor in 93.27 ms, found 3 plugins.
Preloading 0 native plugins for Editor in 0.00 ms.
Mono: successfully reloaded assembly
- Completed reload, in  0.680 seconds
Domain Reload Profiling:
	ReloadAssembly (680ms)
		BeginReloadAssembly (82ms)
			ExecutionOrderSort (0ms)
			DisableScriptedObjects (0ms)
			BackupInstance (0ms)
			ReleaseScriptingObjects (0ms)
			CreateAndSetChildDomain (1ms)
		EndReloadAssembly (469ms)
			LoadAssemblies (80ms)
			RebuildTransferFunctionScriptingTraits (0ms)
			SetupTypeCache (104ms)
			ReleaseScriptCaches (0ms)
			RebuildScriptCaches (30ms)
			SetupLoadedEditorAssemblies (280ms)
				LogAssemblyErrors (0ms)
				InitializePlatformSupportModulesInManaged (14ms)
				SetLoadedEditorAssemblies (0ms)
				RefreshPlugins (93ms)
				BeforeProcessingInitializeOnLoad (1ms)
				ProcessInitializeOnLoadAttributes (124ms)
				ProcessInitializeOnLoadMethodAttributes (47ms)
				AfterProcessingInitializeOnLoad (0ms)
				EditorAssembliesLoaded (0ms)
			ExecutionOrderSort2 (0ms)
			AwakeInstancesAfterBackupRestoration (0ms)
Platform modules already initialized, skipping
Registering precompiled user dll's ...
Registered in 0.016646 seconds.
Begin MonoManager ReloadAssembly
Symbol file LoadedFromMemory doesn't match image C:\Users\Clarence\Documents\School\Internship\Astar\UnsupervisedMultiModalLearning\DetermiNet\DetermiNetProject\Library\PackageCache\com.unity.visualscripting@1.7.8\Editor\VisualScripting.Core\Dependencies\YamlDotNet\Unity.VisualScripting.YamlDotNet.dll
Symbol file LoadedFromMemory doesn't match image C:\Users\Clarence\Documents\School\Internship\Astar\UnsupervisedMultiModalLearning\DetermiNet\DetermiNetProject\Library\PackageCache\com.unity.visualscripting@1.7.8\Editor\VisualScripting.Core\Dependencies\DotNetZip\Unity.VisualScripting.IonicZip.dll
Native extension for UWP target not found
Native extension for LinuxStandalone target not found
Native extension for WindowsStandalone target not found
Refreshing native plugins compatible for Editor in 120.11 ms, found 3 plugins.
Preloading 0 native plugins for Editor in 0.00 ms.
Package Manager log level set to [2]
[Package Manager] Server::EnsureServerProcessIsRunning -- launch failed, reason: Unity was launched with the -noUpm command-line argument
[Package Manager] Cannot connect to Unity Package Manager local server
Cannot connect to Unity Package Manager local server
UnityEngine.StackTraceUtility:ExtractStackTrace ()
UnityEngine.DebugLogHandler:LogFormat (UnityEngine.LogType,UnityEngine.Object,string,object[])
UnityEngine.Logger:Log (UnityEngine.LogType,object)
UnityEngine.Debug:LogError (object)
UnityEditor.Perception.Visualizer.PythonForUnityInstaller:CheckIfPackageInstalled () (at Library/PackageCache/com.unity.perception@0.11.2-preview.2/Editor/Visualizer/PythonForUnityInstaller.cs:53)
UnityEditor.Perception.Visualizer.PythonForUnityInstaller:Add () (at Library/PackageCache/com.unity.perception@0.11.2-preview.2/Editor/Visualizer/PythonForUnityInstaller.cs:20)
UnityEditor.Perception.Visualizer.PythonForUnityInstaller:.cctor () (at Library/PackageCache/com.unity.perception@0.11.2-preview.2/Editor/Visualizer/PythonForUnityInstaller.cs:15)
System.Runtime.CompilerServices.RuntimeHelpers:RunClassConstructor (System.RuntimeTypeHandle)
UnityEditor.EditorAssemblies:ProcessInitializeOnLoadAttributes (System.Type[])

(Filename: Library/PackageCache/com.unity.perception@0.11.2-preview.2/Editor/Visualizer/PythonForUnityInstaller.cs Line: 53)

[Package Manager] Server::EnsureServerProcessIsRunning -- launch failed, reason: Unity was launched with the -noUpm command-line argument
[Package Manager] Cannot connect to Unity Package Manager local server
Cannot connect to Unity Package Manager local server
UnityEngine.StackTraceUtility:ExtractStackTrace ()
UnityEngine.DebugLogHandler:LogFormat (UnityEngine.LogType,UnityEngine.Object,string,object[])
UnityEngine.Logger:Log (UnityEngine.LogType,object)
UnityEngine.Debug:Log (object)
UnityEditor.Perception.Visualizer.PythonForUnityInstaller:Add () (at Library/PackageCache/com.unity.perception@0.11.2-preview.2/Editor/Visualizer/PythonForUnityInstaller.cs:31)
UnityEditor.Perception.Visualizer.PythonForUnityInstaller:.cctor () (at Library/PackageCache/com.unity.perception@0.11.2-preview.2/Editor/Visualizer/PythonForUnityInstaller.cs:15)
System.Runtime.CompilerServices.RuntimeHelpers:RunClassConstructor (System.RuntimeTypeHandle)
UnityEditor.EditorAssemblies:ProcessInitializeOnLoadAttributes (System.Type[])

(Filename: Library/PackageCache/com.unity.perception@0.11.2-preview.2/Editor/Visualizer/PythonForUnityInstaller.cs Line: 31)

Mono: successfully reloaded assembly
- Completed reload, in  2.081 seconds
Domain Reload Profiling:
	ReloadAssembly (2082ms)
		BeginReloadAssembly (117ms)
			ExecutionOrderSort (0ms)
			DisableScriptedObjects (6ms)
			BackupInstance (0ms)
			ReleaseScriptingObjects (0ms)
			CreateAndSetChildDomain (17ms)
		EndReloadAssembly (1845ms)
			LoadAssemblies (101ms)
			RebuildTransferFunctionScriptingTraits (0ms)
			SetupTypeCache (323ms)
			ReleaseScriptCaches (1ms)
			RebuildScriptCaches (79ms)
			SetupLoadedEditorAssemblies (1275ms)
				LogAssemblyErrors (0ms)
				InitializePlatformSupportModulesInManaged (14ms)
				SetLoadedEditorAssemblies (0ms)
				RefreshPlugins (120ms)
				BeforeProcessingInitializeOnLoad (141ms)
				ProcessInitializeOnLoadAttributes (911ms)
				ProcessInitializeOnLoadMethodAttributes (77ms)
				AfterProcessingInitializeOnLoad (11ms)
				EditorAssembliesLoaded (0ms)
			ExecutionOrderSort2 (0ms)
			AwakeInstancesAfterBackupRestoration (8ms)
Platform modules already initialized, skipping
========================================================================
Worker process is ready to serve import requests
Launched and connected shader compiler UnityShaderCompiler.exe after 0.05 seconds
Refreshing native plugins compatible for Editor in 1.97 ms, found 3 plugins.
Preloading 0 native plugins for Editor in 0.00 ms.
Unloading 4543 Unused Serialized files (Serialized files now loaded: 0)
Unloading 52 unused Assets / (0.6 MB). Loaded Objects now: 5000.
Memory consumption went from 176.6 MB to 176.0 MB.
Total: 3.805600 ms (FindLiveObjects: 0.423600 ms CreateObjectMapping: 0.386500 ms MarkObjects: 2.717800 ms  DeleteObjects: 0.276800 ms)

AssetImportParameters requested are different than current active one (requested -> active):
  custom:video-decoder-ogg-theora: a1e56fd34408186e4bbccfd4996cb3dc -> 
  custom:container-muxer-webm: aa71ff27fc2769a1b78a27578f13a17b -> 
  custom:container-demuxer-webm: 4f35f7cbe854078d1ac9338744f61a02 -> 
  custom:video-encoder-webm-vp8: eb34c28f22e8b96e1ab97ce403110664 -> 
  custom:audio-encoder-webm-vorbis: bf7c407c2cedff20999df2af8eb42d56 -> 
  custom:framework-win-MediaFoundation: 216162199b28c13a410421893ffa2e32 -> 
  custom:container-demuxer-ogg: 62fdf1f143b41e24485cea50d1cbac27 -> 
  custom:video-decoder-webm-vp8: 9c59270c3fd7afecdb556c50c9e8de78 -> 
  custom:audio-decoder-ogg-vorbis: bf7c407c2cedff20999df2af8eb42d56 -> 
========================================================================
Received Import Request.
  Time since last request: 391934.365658 seconds.
  path: Assets/Resources/prefabs/items/uncountables/blueberry juice.prefab
  artifactKey: Guid(886c0f23a10d65947b6d29c5c5eeeef2) Importer(815301076,1909f56bfc062723c751e8b465ee728b)
Start importing Assets/Resources/prefabs/items/uncountables/blueberry juice.prefab using Guid(886c0f23a10d65947b6d29c5c5eeeef2) Importer(815301076,1909f56bfc062723c751e8b465ee728b)  -> (artifact id: '22d7156b07962545d5ef0d9b9fa58c5f') in 0.129961 seconds 
========================================================================
Received Import Request.
  Time since last request: 627.457732 seconds.
  path: Assets/Kitchen table with chair/Materials/ClassicKitchenChair2.mat
  artifactKey: Guid(10abe150740a3f74d86a66a20ccf29a5) Importer(815301076,1909f56bfc062723c751e8b465ee728b)
Start importing Assets/Kitchen table with chair/Materials/ClassicKitchenChair2.mat using Guid(10abe150740a3f74d86a66a20ccf29a5) Importer(815301076,1909f56bfc062723c751e8b465ee728b)  -> (artifact id: '20c0b407f8240410ce7ed642a4cc8073') in 0.154823 seconds 
========================================================================
Received Import Request.
  Time since last request: 3.368256 seconds.
  path: Assets/ImportedAssets/FoodAndGrocery/Items/Dough/Materials/Dough.mat
  artifactKey: Guid(0dcdb973f4c7e54498adc3b28e27499a) Importer(815301076,1909f56bfc062723c751e8b465ee728b)
Start importing Assets/ImportedAssets/FoodAndGrocery/Items/Dough/Materials/Dough.mat using Guid(0dcdb973f4c7e54498adc3b28e27499a) Importer(815301076,1909f56bfc062723c751e8b465ee728b)  -> (artifact id: 'f3a34dc5f4c57164bf7b4bb870b343bd') in 0.040034 seconds 
========================================================================
Received Import Request.
  Time since last request: 0.000032 seconds.
  path: Assets/ImportedAssets/FoodAndGrocery/ExamplesScene/Floor.mat
  artifactKey: Guid(ae02e09164686384385408733f6e3089) Importer(815301076,1909f56bfc062723c751e8b465ee728b)
Start importing Assets/ImportedAssets/FoodAndGrocery/ExamplesScene/Floor.mat using Guid(ae02e09164686384385408733f6e3089) Importer(815301076,1909f56bfc062723c751e8b465ee728b)  -> (artifact id: '29b822b92cd52284e8a15ce6a9fabd80') in 0.048401 seconds 
========================================================================
Received Import Request.
  Time since last request: 0.000024 seconds.
  path: Assets/ImportedAssets/Icons/Materials/egg.mat
  artifactKey: Guid(7ae03169b57166c4da2b50319076b8bd) Importer(815301076,1909f56bfc062723c751e8b465ee728b)
Start importing Assets/ImportedAssets/Icons/Materials/egg.mat using Guid(7ae03169b57166c4da2b50319076b8bd) Importer(815301076,1909f56bfc062723c751e8b465ee728b)  -> (artifact id: '559fb18bd60bd838cfbd53c13e76c983') in 0.032351 seconds 
========================================================================
Received Import Request.
  Time since last request: 0.000079 seconds.
  path: Assets/ImportedAssets/FoodAndGrocery/Items/Joghurt/Materials/Joghurt.mat
  artifactKey: Guid(9163ef9213ceb0f4b8a1a5e0a20081d4) Importer(815301076,1909f56bfc062723c751e8b465ee728b)
Start importing Assets/ImportedAssets/FoodAndGrocery/Items/Joghurt/Materials/Joghurt.mat using Guid(9163ef9213ceb0f4b8a1a5e0a20081d4) Importer(815301076,1909f56bfc062723c751e8b465ee728b)  -> (artifact id: '61e947ea32459d2ca396dcf0fa990591') in 0.035205 seconds 
========================================================================
Received Import Request.
  Time since last request: 0.000018 seconds.
  path: Assets/ImportedAssets/Icons/Materials/ham.mat
  artifactKey: Guid(cbaf29cd220a6ac4b8541cffd4bce6c3) Importer(815301076,1909f56bfc062723c751e8b465ee728b)
Start importing Assets/ImportedAssets/Icons/Materials/ham.mat using Guid(cbaf29cd220a6ac4b8541cffd4bce6c3) Importer(815301076,1909f56bfc062723c751e8b465ee728b)  -> (artifact id: '5a5e8875844fe7560a4932d7b01add61') in 0.036505 seconds 
========================================================================
Received Import Request.
  Time since last request: 0.000026 seconds.
  path: Assets/ImportedAssets/FoodAndGrocery/Items/Joghurt/Materials/JoghurtMango.mat
  artifactKey: Guid(554138d83b0edb14ab6400c1a96fd894) Importer(815301076,1909f56bfc062723c751e8b465ee728b)
Start importing Assets/ImportedAssets/FoodAndGrocery/Items/Joghurt/Materials/JoghurtMango.mat using Guid(554138d83b0edb14ab6400c1a96fd894) Importer(815301076,1909f56bfc062723c751e8b465ee728b)  -> (artifact id: '9a61a3f835329a856e49ea17aff9e92b') in 0.038785 seconds 
========================================================================
Received Import Request.
  Time since last request: 0.000020 seconds.
  path: Assets/ImportedAssets/Icons/Materials/icecream.mat
  artifactKey: Guid(ae71949ca2523ff4d9c252b6ce7e87b4) Importer(815301076,1909f56bfc062723c751e8b465ee728b)
Start importing Assets/ImportedAssets/Icons/Materials/icecream.mat using Guid(ae71949ca2523ff4d9c252b6ce7e87b4) Importer(815301076,1909f56bfc062723c751e8b465ee728b)  -> (artifact id: 'f4ed9f21ce707e953ef54f0499dbd2c5') in 0.038690 seconds 
========================================================================
Received Import Request.
  Time since last request: 0.394362 seconds.
  path: Assets/ImportedAssets/FoodAndGrocery/Items/Leek/Materials/Leek.mat
  artifactKey: Guid(5af8c525f5523e048823282669464732) Importer(815301076,1909f56bfc062723c751e8b465ee728b)
Start importing Assets/ImportedAssets/FoodAndGrocery/Items/Leek/Materials/Leek.mat using Guid(5af8c525f5523e048823282669464732) Importer(815301076,1909f56bfc062723c751e8b465ee728b)  -> (artifact id: 'c3242e8fb1e670aa64b042e3d05e6c80') in 0.033946 seconds 
========================================================================
Received Import Request.
  Time since last request: 0.000034 seconds.
  path: Assets/ImportedAssets/TrayWood/Materials/New Material.mat
  artifactKey: Guid(5ae8bc00a257cca4386ebeea5c60260c) Importer(815301076,1909f56bfc062723c751e8b465ee728b)
Start importing Assets/ImportedAssets/TrayWood/Materials/New Material.mat using Guid(5ae8bc00a257cca4386ebeea5c60260c) Importer(815301076,1909f56bfc062723c751e8b465ee728b)  -> (artifact id: '8751edfeb5eb14d7942416fad638f301') in 0.029581 seconds 
========================================================================
Received Import Request.
  Time since last request: 0.000051 seconds.
  path: Assets/ImportedAssets/Icons/Materials/lemon.mat
  artifactKey: Guid(8a87a3521873741428438ff9ad64100f) Importer(815301076,1909f56bfc062723c751e8b465ee728b)
Start importing Assets/ImportedAssets/Icons/Materials/lemon.mat using Guid(8a87a3521873741428438ff9ad64100f) Importer(815301076,1909f56bfc062723c751e8b465ee728b)  -> (artifact id: '4c6d8c76c1c691c2b9323b186b36c569') in 0.053355 seconds 
========================================================================
Received Import Request.
  Time since last request: 0.000068 seconds.
  path: Assets/ImportedAssets/FoodAndGrocery/Items/Milk/Materials/Milk.mat
  artifactKey: Guid(eeb1b5559214ca349b2e460db9b59a03) Importer(815301076,1909f56bfc062723c751e8b465ee728b)
Start importing Assets/ImportedAssets/FoodAndGrocery/Items/Milk/Materials/Milk.mat using Guid(eeb1b5559214ca349b2e460db9b59a03) Importer(815301076,1909f56bfc062723c751e8b465ee728b)  -> (artifact id: '84d9b55b29bf1ec65efafa93593bbbdf') in 0.052810 seconds 
========================================================================
Received Import Request.
  Time since last request: 0.000039 seconds.
  path: Assets/ImportedAssets/FoodAndGrocery/Items/Banana/Materials/Material.005.mat
  artifactKey: Guid(34f3393de6d2e3e4f9bbce56ccd6fbd0) Importer(815301076,1909f56bfc062723c751e8b465ee728b)
Start importing Assets/ImportedAssets/FoodAndGrocery/Items/Banana/Materials/Material.005.mat using Guid(34f3393de6d2e3e4f9bbce56ccd6fbd0) Importer(815301076,1909f56bfc062723c751e8b465ee728b)  -> (artifact id: '69403f1b3bae0a52b4810000e5be0871') in 0.034239 seconds 
========================================================================
Received Import Request.
  Time since last request: 0.000025 seconds.
  path: Assets/ImportedAssets/Icons/Materials/mushroom.mat
  artifactKey: Guid(e856e0e4091111a4da3fcfe0845191cb) Importer(815301076,1909f56bfc062723c751e8b465ee728b)
Start importing Assets/ImportedAssets/Icons/Materials/mushroom.mat using Guid(e856e0e4091111a4da3fcfe0845191cb) Importer(815301076,1909f56bfc062723c751e8b465ee728b)  -> (artifact id: '9e9fedff58adb3fce91d2ef693f30a83') in 0.050144 seconds 
========================================================================
Received Import Request.
  Time since last request: 0.072115 seconds.
  path: Assets/ImportedAssets/Kitchen Asset/FBX/Pan/Materials/No Name.mat
  artifactKey: Guid(06f65a5c4d297a647af668e0e4ed4b65) Importer(815301076,1909f56bfc062723c751e8b465ee728b)
Start importing Assets/ImportedAssets/Kitchen Asset/FBX/Pan/Materials/No Name.mat using Guid(06f65a5c4d297a647af668e0e4ed4b65) Importer(815301076,1909f56bfc062723c751e8b465ee728b)  -> (artifact id: 'd64e8e5bfb7b94c953fb4d25ef80205e') in 0.058046 seconds 
========================================================================
Received Import Request.
  Time since last request: 0.000023 seconds.
  path: Assets/ImportedAssets/Kitchen Asset/FBX/RollingPin/Materials/No Name.mat
  artifactKey: Guid(4dd62189731c31a4d940c6b6779c75f5) Importer(815301076,1909f56bfc062723c751e8b465ee728b)
Start importing Assets/ImportedAssets/Kitchen Asset/FBX/RollingPin/Materials/No Name.mat using Guid(4dd62189731c31a4d940c6b6779c75f5) Importer(815301076,1909f56bfc062723c751e8b465ee728b)  -> (artifact id: 'e65b2382b227ba85a4f463fe83ebb9d7') in 0.062286 seconds 
========================================================================
Received Import Request.
  Time since last request: 0.000023 seconds.
  path: Assets/ImportedAssets/Kitchen Asset/FBX/Plates/Plate2/Materials/No Name.mat
  artifactKey: Guid(a1dc450f8495ef24abe2c375ada5aa71) Importer(815301076,1909f56bfc062723c751e8b465ee728b)
Start importing Assets/ImportedAssets/Kitchen Asset/FBX/Plates/Plate2/Materials/No Name.mat using Guid(a1dc450f8495ef24abe2c375ada5aa71) Importer(815301076,1909f56bfc062723c751e8b465ee728b)  -> (artifact id: 'a1a7b88c33a9c59fc2321734bf93e4ee') in 0.075133 seconds 
========================================================================
Received Import Request.
  Time since last request: 0.000076 seconds.
  path: Assets/ImportedAssets/Kitchen Asset/FBX/Plates/Plate1/Materials/No Name.mat
  artifactKey: Guid(369157f0beb984a4e841a2ed3963e1e4) Importer(815301076,1909f56bfc062723c751e8b465ee728b)
Start importing Assets/ImportedAssets/Kitchen Asset/FBX/Plates/Plate1/Materials/No Name.mat using Guid(369157f0beb984a4e841a2ed3963e1e4) Importer(815301076,1909f56bfc062723c751e8b465ee728b)  -> (artifact id: '760e0e467b24e5f70e2572ae00d92429') in 0.042752 seconds 
========================================================================
Received Import Request.
  Time since last request: 0.000021 seconds.
  path: Assets/ImportedAssets/Kitchen Asset/FBX/Plates/Plate3/Materials/No Name.mat
  artifactKey: Guid(445a350a6c4eeb44b9ffdec756fbfa5f) Importer(815301076,1909f56bfc062723c751e8b465ee728b)
Start importing Assets/ImportedAssets/Kitchen Asset/FBX/Plates/Plate3/Materials/No Name.mat using Guid(445a350a6c4eeb44b9ffdec756fbfa5f) Importer(815301076,1909f56bfc062723c751e8b465ee728b)  -> (artifact id: '321f602a2b2f7da2072954df216e57cc') in 0.048473 seconds 
========================================================================
Received Import Request.
  Time since last request: 0.000019 seconds.
  path: Assets/ImportedAssets/Kitchen Asset/FBX/PanDeep/Materials/No Name.mat
  artifactKey: Guid(82a332284b702ef43b7c7f505db73821) Importer(815301076,1909f56bfc062723c751e8b465ee728b)
Start importing Assets/ImportedAssets/Kitchen Asset/FBX/PanDeep/Materials/No Name.mat using Guid(82a332284b702ef43b7c7f505db73821) Importer(815301076,1909f56bfc062723c751e8b465ee728b)  -> (artifact id: 'd0d302fc15538dca9ed389ed68341f2b') in 0.069834 seconds 
========================================================================
Received Import Request.
  Time since last request: 0.000029 seconds.
  path: Assets/ImportedAssets/Kitchen Asset/FBX/WaterMelon/Materials/No Name.mat
  artifactKey: Guid(d80384c6afae20f48b8b584e7d7a6e6b) Importer(815301076,1909f56bfc062723c751e8b465ee728b)
Start importing Assets/ImportedAssets/Kitchen Asset/FBX/WaterMelon/Materials/No Name.mat using Guid(d80384c6afae20f48b8b584e7d7a6e6b) Importer(815301076,1909f56bfc062723c751e8b465ee728b)  -> (artifact id: '8c1c98aea25b5ecd5089a5ca9f29a653') in 0.063165 seconds 
========================================================================
Received Import Request.
  Time since last request: 0.000040 seconds.
  path: Assets/ImportedAssets/Kitchen Asset/FBX/BottleMilk/Handle/Materials/No Name.mat
  artifactKey: Guid(2f8c60e7935d97b45be18221202b5140) Importer(815301076,1909f56bfc062723c751e8b465ee728b)
Start importing Assets/ImportedAssets/Kitchen Asset/FBX/BottleMilk/Handle/Materials/No Name.mat using Guid(2f8c60e7935d97b45be18221202b5140) Importer(815301076,1909f56bfc062723c751e8b465ee728b)  -> (artifact id: '97c5380bd65a4f58d86f306351170fb9') in 0.056005 seconds 
========================================================================
Received Import Request.
  Time since last request: 0.000053 seconds.
  path: Assets/ImportedAssets/Kitchen Asset/FBX/DeepPlate/Materials/No Name.mat
  artifactKey: Guid(4054709429ebdde4eaff3df064a6f38d) Importer(815301076,1909f56bfc062723c751e8b465ee728b)
Start importing Assets/ImportedAssets/Kitchen Asset/FBX/DeepPlate/Materials/No Name.mat using Guid(4054709429ebdde4eaff3df064a6f38d) Importer(815301076,1909f56bfc062723c751e8b465ee728b)  -> (artifact id: '74329984a6cfd866c6df6ffba5bcb562') in 0.057069 seconds 
========================================================================
Received Import Request.
  Time since last request: 0.000036 seconds.
  path: Assets/ImportedAssets/Kitchen Asset/FBX/Cap/Handle/Materials/No Name.mat
  artifactKey: Guid(f5b02251fbb07c1469aaf23c5e45b572) Importer(815301076,1909f56bfc062723c751e8b465ee728b)
Start importing Assets/ImportedAssets/Kitchen Asset/FBX/Cap/Handle/Materials/No Name.mat using Guid(f5b02251fbb07c1469aaf23c5e45b572) Importer(815301076,1909f56bfc062723c751e8b465ee728b)  -> (artifact id: 'a622765424671c1a42c09088160df4df') in 0.059746 seconds 
========================================================================
Received Import Request.
  Time since last request: 0.000028 seconds.
  path: Assets/ImportedAssets/Kitchen Asset/FBX/Sauce/Handle/Materials/No Name.mat
  artifactKey: Guid(2c25037351589864398c66d42ff924d1) Importer(815301076,1909f56bfc062723c751e8b465ee728b)
Start importing Assets/ImportedAssets/Kitchen Asset/FBX/Sauce/Handle/Materials/No Name.mat using Guid(2c25037351589864398c66d42ff924d1) Importer(815301076,1909f56bfc062723c751e8b465ee728b)  -> (artifact id: '8af37affae37eb138de8c163ca92e0b2') in 0.040833 seconds 
========================================================================
Received Import Request.
  Time since last request: 0.000032 seconds.
  path: Assets/ImportedAssets/Kitchen Asset/FBX/CornFlakes/Materials/No Name.mat
  artifactKey: Guid(3244396186b08ec42bd08a74adfc8f86) Importer(815301076,1909f56bfc062723c751e8b465ee728b)
Start importing Assets/ImportedAssets/Kitchen Asset/FBX/CornFlakes/Materials/No Name.mat using Guid(3244396186b08ec42bd08a74adfc8f86) Importer(815301076,1909f56bfc062723c751e8b465ee728b)  -> (artifact id: '5a07a59384d5d3c14cccd7a266acefc6') in 0.056778 seconds 
========================================================================
Received Import Request.
  Time since last request: 0.000023 seconds.
  path: Assets/ImportedAssets/Icons/Materials/pea.mat
  artifactKey: Guid(5d57b8eb1c97bc344a0d291584f3a676) Importer(815301076,1909f56bfc062723c751e8b465ee728b)
Start importing Assets/ImportedAssets/Icons/Materials/pea.mat using Guid(5d57b8eb1c97bc344a0d291584f3a676) Importer(815301076,1909f56bfc062723c751e8b465ee728b)  -> (artifact id: 'b5104948a1eef5e3b38019ff0785fe7e') in 0.038300 seconds 
========================================================================
Received Import Request.
  Time since last request: 0.000044 seconds.
  path: Assets/MASH Virtual/Table/Material/Plane.mat
  artifactKey: Guid(88db475fd13ccdf4ea08c4ca3594dcec) Importer(815301076,1909f56bfc062723c751e8b465ee728b)
Start importing Assets/MASH Virtual/Table/Material/Plane.mat using Guid(88db475fd13ccdf4ea08c4ca3594dcec) Importer(815301076,1909f56bfc062723c751e8b465ee728b)  -> (artifact id: 'ae9d7d7f1d969c00f2f8fa0802fe1a83') in 0.062480 seconds 
========================================================================
Received Import Request.
  Time since last request: 0.000023 seconds.
  path: Assets/ImportedAssets/FoodAndGrocery/Items/Pepperoni/Materials/Pepperoni.mat
  artifactKey: Guid(145a6deb644e87d439d6550036c0bd92) Importer(815301076,1909f56bfc062723c751e8b465ee728b)
Start importing Assets/ImportedAssets/FoodAndGrocery/Items/Pepperoni/Materials/Pepperoni.mat using Guid(145a6deb644e87d439d6550036c0bd92) Importer(815301076,1909f56bfc062723c751e8b465ee728b)  -> (artifact id: '3be0c947e91bea7818be495c337900d1') in 0.036493 seconds 
========================================================================
Received Import Request.
  Time since last request: 0.000024 seconds.
  path: Assets/ImportedAssets/FoodAndGrocery/Items/SprayBottle/Materials/SprayBottle.mat
  artifactKey: Guid(b7ab1125d6e1fad428056dff88d664ea) Importer(815301076,1909f56bfc062723c751e8b465ee728b)
Start importing Assets/ImportedAssets/FoodAndGrocery/Items/SprayBottle/Materials/SprayBottle.mat using Guid(b7ab1125d6e1fad428056dff88d664ea) Importer(815301076,1909f56bfc062723c751e8b465ee728b)  -> (artifact id: 'a74833d1a264799fc93cd3924a5bde36') in 0.038736 seconds 
========================================================================
Received Import Request.
  Time since last request: 0.000028 seconds.
  path: Assets/Resources/materials/Plane.mat
  artifactKey: Guid(be08a95eedb0e4c439844de1316df186) Importer(815301076,1909f56bfc062723c751e8b465ee728b)
Start importing Assets/Resources/materials/Plane.mat using Guid(be08a95eedb0e4c439844de1316df186) Importer(815301076,1909f56bfc062723c751e8b465ee728b)  -> (artifact id: 'e9c61cbceeb16492de6f3fa751ccd0d1') in 0.023191 seconds 
========================================================================
Received Import Request.
  Time since last request: 0.000032 seconds.
  path: Assets/ImportedAssets/SilverTraySq/Materials/SilverTraySq_D.mat
  artifactKey: Guid(3bad2b6c7dd5a4a40be117f1a92b34a9) Importer(815301076,1909f56bfc062723c751e8b465ee728b)
Start importing Assets/ImportedAssets/SilverTraySq/Materials/SilverTraySq_D.mat using Guid(3bad2b6c7dd5a4a40be117f1a92b34a9) Importer(815301076,1909f56bfc062723c751e8b465ee728b)  -> (artifact id: 'bb2840959f01fa6e3d19d8d970553709') in 0.023422 seconds 
========================================================================
Received Import Request.
  Time since last request: 0.000048 seconds.
  path: Assets/ImportedAssets/Kitchen Asset/FBX/BottleMilk/Bottle/Materials/No Name.mat
  artifactKey: Guid(8d0da79ef176fcd4c9beeee9d5a34bec) Importer(815301076,1909f56bfc062723c751e8b465ee728b)
Start importing Assets/ImportedAssets/Kitchen Asset/FBX/BottleMilk/Bottle/Materials/No Name.mat using Guid(8d0da79ef176fcd4c9beeee9d5a34bec) Importer(815301076,1909f56bfc062723c751e8b465ee728b)  -> (artifact id: '336f248d61195ab64f24279add0412c9') in 0.062011 seconds 
========================================================================
Received Import Request.
  Time since last request: 0.000026 seconds.
  path: Assets/ImportedAssets/Icons/Materials/pizza.mat
  artifactKey: Guid(404a8923f5ace844789db66718db211f) Importer(815301076,1909f56bfc062723c751e8b465ee728b)
Start importing Assets/ImportedAssets/Icons/Materials/pizza.mat using Guid(404a8923f5ace844789db66718db211f) Importer(815301076,1909f56bfc062723c751e8b465ee728b)  -> (artifact id: '8df5fafaa6820d380f2048de56dc003a') in 0.035903 seconds 
========================================================================
Received Import Request.
  Time since last request: 0.000021 seconds.
  path: Assets/ImportedAssets/Kitchen Asset/FBX/Knife2/Materials/No Name.mat
  artifactKey: Guid(8836c686b0fb1954e88d983faaf9484c) Importer(815301076,1909f56bfc062723c751e8b465ee728b)
Start importing Assets/ImportedAssets/Kitchen Asset/FBX/Knife2/Materials/No Name.mat using Guid(8836c686b0fb1954e88d983faaf9484c) Importer(815301076,1909f56bfc062723c751e8b465ee728b)  -> (artifact id: '85d1960a0778c216bfe5192d393548f8') in 0.049430 seconds 
========================================================================
Received Prepare
Registering precompiled user dll's ...
Registered in 0.017749 seconds.
Begin MonoManager ReloadAssembly
Symbol file LoadedFromMemory doesn't match image C:\Users\Clarence\Documents\School\Internship\Astar\UnsupervisedMultiModalLearning\DetermiNet\DetermiNetProject\Library\PackageCache\com.unity.visualscripting@1.7.8\Editor\VisualScripting.Core\Dependencies\YamlDotNet\Unity.VisualScripting.YamlDotNet.dll
Symbol file LoadedFromMemory doesn't match image C:\Users\Clarence\Documents\School\Internship\Astar\UnsupervisedMultiModalLearning\DetermiNet\DetermiNetProject\Library\PackageCache\com.unity.visualscripting@1.7.8\Editor\VisualScripting.Core\Dependencies\DotNetZip\Unity.VisualScripting.IonicZip.dll
Native extension for UWP target not found
Native extension for LinuxStandalone target not found
Native extension for WindowsStandalone target not found
Refreshing native plugins compatible for Editor in 0.99 ms, found 3 plugins.
Preloading 0 native plugins for Editor in 0.00 ms.
[Package Manager] Server::EnsureServerProcessIsRunning -- launch failed, reason: Unity was launched with the -noUpm command-line argument
[Package Manager] Cannot connect to Unity Package Manager local server
Cannot connect to Unity Package Manager local server
UnityEngine.StackTraceUtility:ExtractStackTrace ()
UnityEngine.DebugLogHandler:LogFormat (UnityEngine.LogType,UnityEngine.Object,string,object[])
UnityEngine.Logger:Log (UnityEngine.LogType,object)
UnityEngine.Debug:LogError (object)
UnityEditor.Perception.Visualizer.PythonForUnityInstaller:CheckIfPackageInstalled () (at Library/PackageCache/com.unity.perception@0.11.2-preview.2/Editor/Visualizer/PythonForUnityInstaller.cs:53)
UnityEditor.Perception.Visualizer.PythonForUnityInstaller:Add () (at Library/PackageCache/com.unity.perception@0.11.2-preview.2/Editor/Visualizer/PythonForUnityInstaller.cs:20)
UnityEditor.Perception.Visualizer.PythonForUnityInstaller:.cctor () (at Library/PackageCache/com.unity.perception@0.11.2-preview.2/Editor/Visualizer/PythonForUnityInstaller.cs:15)
System.Runtime.CompilerServices.RuntimeHelpers:RunClassConstructor (System.RuntimeTypeHandle)
UnityEditor.EditorAssemblies:ProcessInitializeOnLoadAttributes (System.Type[])

(Filename: Library/PackageCache/com.unity.perception@0.11.2-preview.2/Editor/Visualizer/PythonForUnityInstaller.cs Line: 53)

[Package Manager] Server::EnsureServerProcessIsRunning -- launch failed, reason: Unity was launched with the -noUpm command-line argument
[Package Manager] Cannot connect to Unity Package Manager local server
Cannot connect to Unity Package Manager local server
UnityEngine.StackTraceUtility:ExtractStackTrace ()
UnityEngine.DebugLogHandler:LogFormat (UnityEngine.LogType,UnityEngine.Object,string,object[])
UnityEngine.Logger:Log (UnityEngine.LogType,object)
UnityEngine.Debug:Log (object)
UnityEditor.Perception.Visualizer.PythonForUnityInstaller:Add () (at Library/PackageCache/com.unity.perception@0.11.2-preview.2/Editor/Visualizer/PythonForUnityInstaller.cs:31)
UnityEditor.Perception.Visualizer.PythonForUnityInstaller:.cctor () (at Library/PackageCache/com.unity.perception@0.11.2-preview.2/Editor/Visualizer/PythonForUnityInstaller.cs:15)
System.Runtime.CompilerServices.RuntimeHelpers:RunClassConstructor (System.RuntimeTypeHandle)
UnityEditor.EditorAssemblies:ProcessInitializeOnLoadAttributes (System.Type[])

(Filename: Library/PackageCache/com.unity.perception@0.11.2-preview.2/Editor/Visualizer/PythonForUnityInstaller.cs Line: 31)

Mono: successfully reloaded assembly
- Completed reload, in  2.000 seconds
Domain Reload Profiling:
	ReloadAssembly (2000ms)
		BeginReloadAssembly (198ms)
			ExecutionOrderSort (0ms)
			DisableScriptedObjects (5ms)
			BackupInstance (0ms)
			ReleaseScriptingObjects (0ms)
			CreateAndSetChildDomain (47ms)
		EndReloadAssembly (1664ms)
			LoadAssemblies (160ms)
			RebuildTransferFunctionScriptingTraits (0ms)
			SetupTypeCache (343ms)
			ReleaseScriptCaches (2ms)
			RebuildScriptCaches (56ms)
			SetupLoadedEditorAssemblies (1097ms)
				LogAssemblyErrors (0ms)
				InitializePlatformSupportModulesInManaged (22ms)
				SetLoadedEditorAssemblies (1ms)
				RefreshPlugins (1ms)
				BeforeProcessingInitializeOnLoad (96ms)
				ProcessInitializeOnLoadAttributes (886ms)
				ProcessInitializeOnLoadMethodAttributes (78ms)
				AfterProcessingInitializeOnLoad (12ms)
				EditorAssembliesLoaded (0ms)
			ExecutionOrderSort2 (0ms)
			AwakeInstancesAfterBackupRestoration (8ms)
Platform modules already initialized, skipping
Refreshing native plugins compatible for Editor in 4.18 ms, found 3 plugins.
Preloading 0 native plugins for Editor in 0.00 ms.
Unloading 4525 Unused Serialized files (Serialized files now loaded: 0)
Unloading 33 unused Assets / (0.5 MB). Loaded Objects now: 5056.
Memory consumption went from 179.7 MB to 179.2 MB.
Total: 3.310500 ms (FindLiveObjects: 0.298300 ms CreateObjectMapping: 0.230400 ms MarkObjects: 2.534900 ms  DeleteObjects: 0.246000 ms)

AssetImportParameters requested are different than current active one (requested -> active):
  custom:video-decoder-ogg-theora: a1e56fd34408186e4bbccfd4996cb3dc -> 
  custom:container-muxer-webm: aa71ff27fc2769a1b78a27578f13a17b -> 
  custom:container-demuxer-webm: 4f35f7cbe854078d1ac9338744f61a02 -> 
  custom:video-encoder-webm-vp8: eb34c28f22e8b96e1ab97ce403110664 -> 
  custom:audio-encoder-webm-vorbis: bf7c407c2cedff20999df2af8eb42d56 -> 
  custom:framework-win-MediaFoundation: 216162199b28c13a410421893ffa2e32 -> 
  custom:container-demuxer-ogg: 62fdf1f143b41e24485cea50d1cbac27 -> 
  custom:video-decoder-webm-vp8: 9c59270c3fd7afecdb556c50c9e8de78 -> 
  custom:audio-decoder-ogg-vorbis: bf7c407c2cedff20999df2af8eb42d56 -> 
Editor requested this worker to shutdown with reason: Scaling down because of idle timeout
AssetImportWorker is now disconnected from the server
Process exiting
Exiting without the bug reporter. Application will terminate with return code 0