Using pre-set license
Built from '2021.3/staging' branch; Version is '2021.3.9f1 (ad3870b89536) revision 11352176'; Using compiler version '192829333'; Build Type 'Release'
OS: 'Windows 10  (10.0.19043) 64bit Core' Language: 'en' Physical Memory: 32561 MB
BatchMode: 1, IsHumanControllingUs: 0, StartBugReporterOnCrash: 0, Is64bit: 1, IsPro: 1

COMMAND LINE ARGUMENTS:
C:\Program Files\Unity\Hub\Editor\2021.3.9f1\Editor\Unity.exe
-adb2
-batchMode
-noUpm
-name
AssetImportWorker0
-projectPath
C:/Users/Clarence/Documents/School/Internship/Astar/UnsupervisedMultiModalLearning/DetermiNet/DetermiNetProject
-logFile
Logs/AssetImportWorker0.log
-srvPort
61087
Successfully changed project path to: C:/Users/Clarence/Documents/School/Internship/Astar/UnsupervisedMultiModalLearning/DetermiNet/DetermiNetProject
C:/Users/Clarence/Documents/School/Internship/Astar/UnsupervisedMultiModalLearning/DetermiNet/DetermiNetProject
[UnityMemory] Configuration Parameters - Can be set up in boot.config
    "memorysetup-bucket-allocator-granularity=16"
    "memorysetup-bucket-allocator-bucket-count=8"
    "memorysetup-bucket-allocator-block-size=33554432"
    "memorysetup-bucket-allocator-block-count=8"
    "memorysetup-main-allocator-block-size=16777216"
    "memorysetup-thread-allocator-block-size=16777216"
    "memorysetup-gfx-main-allocator-block-size=16777216"
    "memorysetup-gfx-thread-allocator-block-size=16777216"
    "memorysetup-cache-allocator-block-size=4194304"
    "memorysetup-typetree-allocator-block-size=2097152"
    "memorysetup-profiler-bucket-allocator-granularity=16"
    "memorysetup-profiler-bucket-allocator-bucket-count=8"
    "memorysetup-profiler-bucket-allocator-block-size=33554432"
    "memorysetup-profiler-bucket-allocator-block-count=8"
    "memorysetup-profiler-allocator-block-size=16777216"
    "memorysetup-profiler-editor-allocator-block-size=1048576"
    "memorysetup-temp-allocator-size-main=16777216"
    "memorysetup-job-temp-allocator-block-size=2097152"
    "memorysetup-job-temp-allocator-block-size-background=1048576"
    "memorysetup-job-temp-allocator-reduction-small-platforms=262144"
    "memorysetup-temp-allocator-size-background-worker=32768"
    "memorysetup-temp-allocator-size-job-worker=262144"
    "memorysetup-temp-allocator-size-preload-manager=33554432"
    "memorysetup-temp-allocator-size-nav-mesh-worker=65536"
    "memorysetup-temp-allocator-size-audio-worker=65536"
    "memorysetup-temp-allocator-size-cloud-worker=32768"
    "memorysetup-temp-allocator-size-gi-baking-worker=262144"
    "memorysetup-temp-allocator-size-gfx=262144"
Refreshing native plugins compatible for Editor in 129.98 ms, found 3 plugins.
Preloading 0 native plugins for Editor in 0.00 ms.
Initialize engine version: 2021.3.9f1 (ad3870b89536)
[Subsystems] Discovering subsystems at path C:/Program Files/Unity/Hub/Editor/2021.3.9f1/Editor/Data/Resources/UnitySubsystems
[Subsystems] Discovering subsystems at path C:/Users/Clarence/Documents/School/Internship/Astar/UnsupervisedMultiModalLearning/DetermiNet/DetermiNetProject/Assets
GfxDevice: creating device client; threaded=0; jobified=0
Direct3D:
    Version:  Direct3D 11.0 [level 11.1]
    Renderer: NVIDIA GeForce RTX 2060 (ID=0x1f15)
    Vendor:   NVIDIA
    VRAM:     5980 MB
    Driver:   30.0.15.1169
Initialize mono
Mono path[0] = 'C:/Program Files/Unity/Hub/Editor/2021.3.9f1/Editor/Data/Managed'
Mono path[1] = 'C:/Program Files/Unity/Hub/Editor/2021.3.9f1/Editor/Data/MonoBleedingEdge/lib/mono/unityjit-win32'
Mono config path = 'C:/Program Files/Unity/Hub/Editor/2021.3.9f1/Editor/Data/MonoBleedingEdge/etc'
Using monoOptions --debugger-agent=transport=dt_socket,embedding=1,server=y,suspend=n,address=127.0.0.1:56284
Begin MonoManager ReloadAssembly
Registering precompiled unity dll's ...
Trying to register platform support module: C:/Program Files/Unity/Hub/Editor/2021.3.9f1/Editor/Data/PlaybackEngines/WebGLSupport/UnityEditor.WebGL.Extensions.dll (that doesn't exist). Retrying without overrides.
Platform support module is not available: C:/Program Files/Unity/Hub/Editor/2021.3.9f1/Editor/Data/PlaybackEngines/WebGLSupport/UnityEditor.WebGL.Extensions.dll
Register platform support module: C:/Program Files/Unity/Hub/Editor/2021.3.9f1/Editor/Data/PlaybackEngines/WindowsStandaloneSupport/UnityEditor.WindowsStandalone.Extensions.dll
Register platform support module: C:/Program Files/Unity/Hub/Editor/2021.3.9f1/Editor/Data/PlaybackEngines/LinuxStandaloneSupport/UnityEditor.LinuxStandalone.Extensions.dll
Register platform support module: C:/Program Files/Unity/Hub/Editor/2021.3.9f1/Editor/Data/PlaybackEngines/MetroSupport/UnityEditor.UWP.Extensions.dll
Registered in 0.014977 seconds.
Native extension for UWP target not found
Native extension for LinuxStandalone target not found
Native extension for WindowsStandalone target not found
Refreshing native plugins compatible for Editor in 93.93 ms, found 3 plugins.
Preloading 0 native plugins for Editor in 0.00 ms.
Mono: successfully reloaded assembly
- Completed reload, in  0.678 seconds
Domain Reload Profiling:
	ReloadAssembly (678ms)
		BeginReloadAssembly (81ms)
			ExecutionOrderSort (0ms)
			DisableScriptedObjects (0ms)
			BackupInstance (0ms)
			ReleaseScriptingObjects (0ms)
			CreateAndSetChildDomain (1ms)
		EndReloadAssembly (473ms)
			LoadAssemblies (79ms)
			RebuildTransferFunctionScriptingTraits (0ms)
			SetupTypeCache (116ms)
			ReleaseScriptCaches (0ms)
			RebuildScriptCaches (27ms)
			SetupLoadedEditorAssemblies (277ms)
				LogAssemblyErrors (0ms)
				InitializePlatformSupportModulesInManaged (15ms)
				SetLoadedEditorAssemblies (0ms)
				RefreshPlugins (94ms)
				BeforeProcessingInitializeOnLoad (1ms)
				ProcessInitializeOnLoadAttributes (120ms)
				ProcessInitializeOnLoadMethodAttributes (47ms)
				AfterProcessingInitializeOnLoad (0ms)
				EditorAssembliesLoaded (0ms)
			ExecutionOrderSort2 (0ms)
			AwakeInstancesAfterBackupRestoration (0ms)
Platform modules already initialized, skipping
Registering precompiled user dll's ...
Registered in 0.019483 seconds.
Begin MonoManager ReloadAssembly
Symbol file LoadedFromMemory doesn't match image C:\Users\Clarence\Documents\School\Internship\Astar\UnsupervisedMultiModalLearning\DetermiNet\DetermiNetProject\Library\PackageCache\com.unity.visualscripting@1.7.8\Editor\VisualScripting.Core\Dependencies\YamlDotNet\Unity.VisualScripting.YamlDotNet.dll
Symbol file LoadedFromMemory doesn't match image C:\Users\Clarence\Documents\School\Internship\Astar\UnsupervisedMultiModalLearning\DetermiNet\DetermiNetProject\Library\PackageCache\com.unity.visualscripting@1.7.8\Editor\VisualScripting.Core\Dependencies\DotNetZip\Unity.VisualScripting.IonicZip.dll
Native extension for UWP target not found
Native extension for LinuxStandalone target not found
Native extension for WindowsStandalone target not found
Refreshing native plugins compatible for Editor in 87.03 ms, found 3 plugins.
Preloading 0 native plugins for Editor in 0.00 ms.
Package Manager log level set to [2]
[Package Manager] Server::EnsureServerProcessIsRunning -- launch failed, reason: Unity was launched with the -noUpm command-line argument
[Package Manager] Cannot connect to Unity Package Manager local server
Cannot connect to Unity Package Manager local server
UnityEngine.StackTraceUtility:ExtractStackTrace ()
UnityEngine.DebugLogHandler:LogFormat (UnityEngine.LogType,UnityEngine.Object,string,object[])
UnityEngine.Logger:Log (UnityEngine.LogType,object)
UnityEngine.Debug:LogError (object)
UnityEditor.Perception.Visualizer.PythonForUnityInstaller:CheckIfPackageInstalled () (at Library/PackageCache/com.unity.perception@0.11.2-preview.2/Editor/Visualizer/PythonForUnityInstaller.cs:53)
UnityEditor.Perception.Visualizer.PythonForUnityInstaller:Add () (at Library/PackageCache/com.unity.perception@0.11.2-preview.2/Editor/Visualizer/PythonForUnityInstaller.cs:20)
UnityEditor.Perception.Visualizer.PythonForUnityInstaller:.cctor () (at Library/PackageCache/com.unity.perception@0.11.2-preview.2/Editor/Visualizer/PythonForUnityInstaller.cs:15)
System.Runtime.CompilerServices.RuntimeHelpers:RunClassConstructor (System.RuntimeTypeHandle)
UnityEditor.EditorAssemblies:ProcessInitializeOnLoadAttributes (System.Type[])

(Filename: Library/PackageCache/com.unity.perception@0.11.2-preview.2/Editor/Visualizer/PythonForUnityInstaller.cs Line: 53)

[Package Manager] Server::EnsureServerProcessIsRunning -- launch failed, reason: Unity was launched with the -noUpm command-line argument
[Package Manager] Cannot connect to Unity Package Manager local server
Cannot connect to Unity Package Manager local server
UnityEngine.StackTraceUtility:ExtractStackTrace ()
UnityEngine.DebugLogHandler:LogFormat (UnityEngine.LogType,UnityEngine.Object,string,object[])
UnityEngine.Logger:Log (UnityEngine.LogType,object)
UnityEngine.Debug:Log (object)
UnityEditor.Perception.Visualizer.PythonForUnityInstaller:Add () (at Library/PackageCache/com.unity.perception@0.11.2-preview.2/Editor/Visualizer/PythonForUnityInstaller.cs:31)
UnityEditor.Perception.Visualizer.PythonForUnityInstaller:.cctor () (at Library/PackageCache/com.unity.perception@0.11.2-preview.2/Editor/Visualizer/PythonForUnityInstaller.cs:15)
System.Runtime.CompilerServices.RuntimeHelpers:RunClassConstructor (System.RuntimeTypeHandle)
UnityEditor.EditorAssemblies:ProcessInitializeOnLoadAttributes (System.Type[])

(Filename: Library/PackageCache/com.unity.perception@0.11.2-preview.2/Editor/Visualizer/PythonForUnityInstaller.cs Line: 31)

Mono: successfully reloaded assembly
- Completed reload, in  2.008 seconds
Domain Reload Profiling:
	ReloadAssembly (2009ms)
		BeginReloadAssembly (119ms)
			ExecutionOrderSort (0ms)
			DisableScriptedObjects (5ms)
			BackupInstance (0ms)
			ReleaseScriptingObjects (0ms)
			CreateAndSetChildDomain (17ms)
		EndReloadAssembly (1757ms)
			LoadAssemblies (111ms)
			RebuildTransferFunctionScriptingTraits (0ms)
			SetupTypeCache (302ms)
			ReleaseScriptCaches (1ms)
			RebuildScriptCaches (54ms)
			SetupLoadedEditorAssemblies (1252ms)
				LogAssemblyErrors (0ms)
				InitializePlatformSupportModulesInManaged (11ms)
				SetLoadedEditorAssemblies (0ms)
				RefreshPlugins (87ms)
				BeforeProcessingInitializeOnLoad (113ms)
				ProcessInitializeOnLoadAttributes (958ms)
				ProcessInitializeOnLoadMethodAttributes (71ms)
				AfterProcessingInitializeOnLoad (11ms)
				EditorAssembliesLoaded (0ms)
			ExecutionOrderSort2 (0ms)
			AwakeInstancesAfterBackupRestoration (8ms)
Platform modules already initialized, skipping
========================================================================
Worker process is ready to serve import requests
Launched and connected shader compiler UnityShaderCompiler.exe after 0.05 seconds
Refreshing native plugins compatible for Editor in 0.93 ms, found 3 plugins.
Preloading 0 native plugins for Editor in 0.00 ms.
Unloading 4549 Unused Serialized files (Serialized files now loaded: 0)
Unloading 52 unused Assets / (0.6 MB). Loaded Objects now: 5006.
Memory consumption went from 176.9 MB to 176.3 MB.
Total: 3.433100 ms (FindLiveObjects: 0.363300 ms CreateObjectMapping: 0.333100 ms MarkObjects: 2.559200 ms  DeleteObjects: 0.176800 ms)

AssetImportParameters requested are different than current active one (requested -> active):
  custom:video-decoder-ogg-theora: a1e56fd34408186e4bbccfd4996cb3dc -> 
  custom:container-muxer-webm: aa71ff27fc2769a1b78a27578f13a17b -> 
  custom:container-demuxer-webm: 4f35f7cbe854078d1ac9338744f61a02 -> 
  custom:video-encoder-webm-vp8: eb34c28f22e8b96e1ab97ce403110664 -> 
  custom:audio-encoder-webm-vorbis: bf7c407c2cedff20999df2af8eb42d56 -> 
  custom:framework-win-MediaFoundation: 216162199b28c13a410421893ffa2e32 -> 
  custom:container-demuxer-ogg: 62fdf1f143b41e24485cea50d1cbac27 -> 
  custom:video-decoder-webm-vp8: 9c59270c3fd7afecdb556c50c9e8de78 -> 
  custom:audio-decoder-ogg-vorbis: bf7c407c2cedff20999df2af8eb42d56 -> 
========================================================================
Received Import Request.
  Time since last request: 391546.729463 seconds.
  path: Assets/ImportedAssets/Dish&Tray/SilverTrayRd/SilverTrayRd.fbx
  artifactKey: Guid(25c966c2168db4d2094a91f236a4ab6b) Importer(815301076,1909f56bfc062723c751e8b465ee728b)
Start importing Assets/ImportedAssets/Dish&Tray/SilverTrayRd/SilverTrayRd.fbx using Guid(25c966c2168db4d2094a91f236a4ab6b) Importer(815301076,1909f56bfc062723c751e8b465ee728b)  -> (artifact id: '3e6fe0c63f2c9b81c7ad377c9b7ad69e') in 0.185841 seconds 
========================================================================
Received Import Request.
  Time since last request: 5.022074 seconds.
  path: Assets/ImportedAssets/FoodAndGrocery/Items/Cucumber/Materials/Cucumber.mat
  artifactKey: Guid(620b3636c5eb63746ac437d31b7b8080) Importer(815301076,1909f56bfc062723c751e8b465ee728b)
Start importing Assets/ImportedAssets/FoodAndGrocery/Items/Cucumber/Materials/Cucumber.mat using Guid(620b3636c5eb63746ac437d31b7b8080) Importer(815301076,1909f56bfc062723c751e8b465ee728b)  -> (artifact id: 'e12b7af9a9a5fc0c7844499d7023f700') in 0.062789 seconds 
========================================================================
Received Import Request.
  Time since last request: 84.668105 seconds.
  path: Assets/cup.fbx
  artifactKey: Guid(45ff0a5522fa5e242b884fd5c7ca3377) Importer(815301076,1909f56bfc062723c751e8b465ee728b)
Start importing Assets/cup.fbx using Guid(45ff0a5522fa5e242b884fd5c7ca3377) Importer(815301076,1909f56bfc062723c751e8b465ee728b)  -> (artifact id: 'a9dde05830d163b3e86b7896b2dc7ebb') in 0.052061 seconds 
========================================================================
Received Import Request.
  Time since last request: 28.768379 seconds.
  path: Assets/ImportedAssets/MeshCombiner
  artifactKey: Guid(d281e5c32b6a93f4eac83125365aad98) Importer(815301076,1909f56bfc062723c751e8b465ee728b)
Start importing Assets/ImportedAssets/MeshCombiner using Guid(d281e5c32b6a93f4eac83125365aad98) Importer(815301076,1909f56bfc062723c751e8b465ee728b)  -> (artifact id: 'ccae81e7e7fbaac6bcdc7afe946c4f98') in 0.009317 seconds 
========================================================================
Received Prepare
Registering precompiled user dll's ...
Registered in 0.018252 seconds.
Begin MonoManager ReloadAssembly
Symbol file LoadedFromMemory doesn't match image C:\Users\Clarence\Documents\School\Internship\Astar\UnsupervisedMultiModalLearning\DetermiNet\DetermiNetProject\Library\PackageCache\com.unity.visualscripting@1.7.8\Editor\VisualScripting.Core\Dependencies\YamlDotNet\Unity.VisualScripting.YamlDotNet.dll
Symbol file LoadedFromMemory doesn't match image C:\Users\Clarence\Documents\School\Internship\Astar\UnsupervisedMultiModalLearning\DetermiNet\DetermiNetProject\Library\PackageCache\com.unity.visualscripting@1.7.8\Editor\VisualScripting.Core\Dependencies\DotNetZip\Unity.VisualScripting.IonicZip.dll
Native extension for UWP target not found
Native extension for LinuxStandalone target not found
Native extension for WindowsStandalone target not found
Refreshing native plugins compatible for Editor in 0.99 ms, found 3 plugins.
Preloading 0 native plugins for Editor in 0.00 ms.
[Package Manager] Server::EnsureServerProcessIsRunning -- launch failed, reason: Unity was launched with the -noUpm command-line argument
[Package Manager] Cannot connect to Unity Package Manager local server
Cannot connect to Unity Package Manager local server
UnityEngine.StackTraceUtility:ExtractStackTrace ()
UnityEngine.DebugLogHandler:LogFormat (UnityEngine.LogType,UnityEngine.Object,string,object[])
UnityEngine.Logger:Log (UnityEngine.LogType,object)
UnityEngine.Debug:LogError (object)
UnityEditor.Perception.Visualizer.PythonForUnityInstaller:CheckIfPackageInstalled () (at Library/PackageCache/com.unity.perception@0.11.2-preview.2/Editor/Visualizer/PythonForUnityInstaller.cs:53)
UnityEditor.Perception.Visualizer.PythonForUnityInstaller:Add () (at Library/PackageCache/com.unity.perception@0.11.2-preview.2/Editor/Visualizer/PythonForUnityInstaller.cs:20)
UnityEditor.Perception.Visualizer.PythonForUnityInstaller:.cctor () (at Library/PackageCache/com.unity.perception@0.11.2-preview.2/Editor/Visualizer/PythonForUnityInstaller.cs:15)
System.Runtime.CompilerServices.RuntimeHelpers:RunClassConstructor (System.RuntimeTypeHandle)
UnityEditor.EditorAssemblies:ProcessInitializeOnLoadAttributes (System.Type[])

(Filename: Library/PackageCache/com.unity.perception@0.11.2-preview.2/Editor/Visualizer/PythonForUnityInstaller.cs Line: 53)

[Package Manager] Server::EnsureServerProcessIsRunning -- launch failed, reason: Unity was launched with the -noUpm command-line argument
[Package Manager] Cannot connect to Unity Package Manager local server
Cannot connect to Unity Package Manager local server
UnityEngine.StackTraceUtility:ExtractStackTrace ()
UnityEngine.DebugLogHandler:LogFormat (UnityEngine.LogType,UnityEngine.Object,string,object[])
UnityEngine.Logger:Log (UnityEngine.LogType,object)
UnityEngine.Debug:Log (object)
UnityEditor.Perception.Visualizer.PythonForUnityInstaller:Add () (at Library/PackageCache/com.unity.perception@0.11.2-preview.2/Editor/Visualizer/PythonForUnityInstaller.cs:31)
UnityEditor.Perception.Visualizer.PythonForUnityInstaller:.cctor () (at Library/PackageCache/com.unity.perception@0.11.2-preview.2/Editor/Visualizer/PythonForUnityInstaller.cs:15)
System.Runtime.CompilerServices.RuntimeHelpers:RunClassConstructor (System.RuntimeTypeHandle)
UnityEditor.EditorAssemblies:ProcessInitializeOnLoadAttributes (System.Type[])

(Filename: Library/PackageCache/com.unity.perception@0.11.2-preview.2/Editor/Visualizer/PythonForUnityInstaller.cs Line: 31)

Mono: successfully reloaded assembly
- Completed reload, in  1.845 seconds
Domain Reload Profiling:
	ReloadAssembly (1846ms)
		BeginReloadAssembly (151ms)
			ExecutionOrderSort (0ms)
			DisableScriptedObjects (4ms)
			BackupInstance (0ms)
			ReleaseScriptingObjects (0ms)
			CreateAndSetChildDomain (44ms)
		EndReloadAssembly (1581ms)
			LoadAssemblies (108ms)
			RebuildTransferFunctionScriptingTraits (0ms)
			SetupTypeCache (297ms)
			ReleaseScriptCaches (2ms)
			RebuildScriptCaches (40ms)
			SetupLoadedEditorAssemblies (1100ms)
				LogAssemblyErrors (0ms)
				InitializePlatformSupportModulesInManaged (18ms)
				SetLoadedEditorAssemblies (0ms)
				RefreshPlugins (1ms)
				BeforeProcessingInitializeOnLoad (87ms)
				ProcessInitializeOnLoadAttributes (910ms)
				ProcessInitializeOnLoadMethodAttributes (72ms)
				AfterProcessingInitializeOnLoad (12ms)
				EditorAssembliesLoaded (0ms)
			ExecutionOrderSort2 (0ms)
			AwakeInstancesAfterBackupRestoration (9ms)
Platform modules already initialized, skipping
Refreshing native plugins compatible for Editor in 5.88 ms, found 3 plugins.
Preloading 0 native plugins for Editor in 0.00 ms.
Unloading 4529 Unused Serialized files (Serialized files now loaded: 0)
Unloading 34 unused Assets / (0.5 MB). Loaded Objects now: 5064.
Memory consumption went from 180.1 MB to 179.6 MB.
Total: 3.611200 ms (FindLiveObjects: 0.378300 ms CreateObjectMapping: 0.337400 ms MarkObjects: 2.606700 ms  DeleteObjects: 0.287700 ms)

AssetImportParameters requested are different than current active one (requested -> active):
  custom:video-decoder-ogg-theora: a1e56fd34408186e4bbccfd4996cb3dc -> 
  custom:container-muxer-webm: aa71ff27fc2769a1b78a27578f13a17b -> 
  custom:container-demuxer-webm: 4f35f7cbe854078d1ac9338744f61a02 -> 
  custom:video-encoder-webm-vp8: eb34c28f22e8b96e1ab97ce403110664 -> 
  custom:audio-encoder-webm-vorbis: bf7c407c2cedff20999df2af8eb42d56 -> 
  custom:framework-win-MediaFoundation: 216162199b28c13a410421893ffa2e32 -> 
  custom:container-demuxer-ogg: 62fdf1f143b41e24485cea50d1cbac27 -> 
  custom:video-decoder-webm-vp8: 9c59270c3fd7afecdb556c50c9e8de78 -> 
  custom:audio-decoder-ogg-vorbis: bf7c407c2cedff20999df2af8eb42d56 -> 
========================================================================
Received Import Request.
  Time since last request: 19.181895 seconds.
  path: Assets/ImportedAssets/Dish&Tray
  artifactKey: Guid(7423ce3669bc18944be4d22a52d151c2) Importer(815301076,1909f56bfc062723c751e8b465ee728b)
Start importing Assets/ImportedAssets/Dish&Tray using Guid(7423ce3669bc18944be4d22a52d151c2) Importer(815301076,1909f56bfc062723c751e8b465ee728b)  -> (artifact id: '8a23148fe787a6f918e2ba211048ed0b') in 0.017056 seconds 
========================================================================
Received Import Request.
  Time since last request: 3.374133 seconds.
  path: Assets/ImportedAssets/Plugins
  artifactKey: Guid(55aa285bc257e014f8b1d1dd7a47df15) Importer(815301076,1909f56bfc062723c751e8b465ee728b)
Start importing Assets/ImportedAssets/Plugins using Guid(55aa285bc257e014f8b1d1dd7a47df15) Importer(815301076,1909f56bfc062723c751e8b465ee728b)  -> (artifact id: 'ff577319a2abb347a8c5d340bfde8724') in 0.008810 seconds 
========================================================================
Received Import Request.
  Time since last request: 2.437668 seconds.
  path: Assets/ImportedAssets/RPG Food & Drinks Pack
  artifactKey: Guid(19159c4b16d4c86448847978794c8787) Importer(815301076,1909f56bfc062723c751e8b465ee728b)
Start importing Assets/ImportedAssets/RPG Food & Drinks Pack using Guid(19159c4b16d4c86448847978794c8787) Importer(815301076,1909f56bfc062723c751e8b465ee728b)  -> (artifact id: '7b2bab4a1bf86312957f0be86c5ac8f0') in 0.008860 seconds 
========================================================================
Received Prepare
Registering precompiled user dll's ...
Registered in 0.016551 seconds.
Begin MonoManager ReloadAssembly
Symbol file LoadedFromMemory doesn't match image C:\Users\Clarence\Documents\School\Internship\Astar\UnsupervisedMultiModalLearning\DetermiNet\DetermiNetProject\Library\PackageCache\com.unity.visualscripting@1.7.8\Editor\VisualScripting.Core\Dependencies\YamlDotNet\Unity.VisualScripting.YamlDotNet.dll
Symbol file LoadedFromMemory doesn't match image C:\Users\Clarence\Documents\School\Internship\Astar\UnsupervisedMultiModalLearning\DetermiNet\DetermiNetProject\Library\PackageCache\com.unity.visualscripting@1.7.8\Editor\VisualScripting.Core\Dependencies\DotNetZip\Unity.VisualScripting.IonicZip.dll
Native extension for UWP target not found
Native extension for LinuxStandalone target not found
Native extension for WindowsStandalone target not found
Refreshing native plugins compatible for Editor in 0.90 ms, found 3 plugins.
Preloading 0 native plugins for Editor in 0.00 ms.
[Package Manager] Server::EnsureServerProcessIsRunning -- launch failed, reason: Unity was launched with the -noUpm command-line argument
[Package Manager] Cannot connect to Unity Package Manager local server
Cannot connect to Unity Package Manager local server
UnityEngine.StackTraceUtility:ExtractStackTrace ()
UnityEngine.DebugLogHandler:LogFormat (UnityEngine.LogType,UnityEngine.Object,string,object[])
UnityEngine.Logger:Log (UnityEngine.LogType,object)
UnityEngine.Debug:LogError (object)
UnityEditor.Perception.Visualizer.PythonForUnityInstaller:CheckIfPackageInstalled () (at Library/PackageCache/com.unity.perception@0.11.2-preview.2/Editor/Visualizer/PythonForUnityInstaller.cs:53)
UnityEditor.Perception.Visualizer.PythonForUnityInstaller:Add () (at Library/PackageCache/com.unity.perception@0.11.2-preview.2/Editor/Visualizer/PythonForUnityInstaller.cs:20)
UnityEditor.Perception.Visualizer.PythonForUnityInstaller:.cctor () (at Library/PackageCache/com.unity.perception@0.11.2-preview.2/Editor/Visualizer/PythonForUnityInstaller.cs:15)
System.Runtime.CompilerServices.RuntimeHelpers:RunClassConstructor (System.RuntimeTypeHandle)
UnityEditor.EditorAssemblies:ProcessInitializeOnLoadAttributes (System.Type[])

(Filename: Library/PackageCache/com.unity.perception@0.11.2-preview.2/Editor/Visualizer/PythonForUnityInstaller.cs Line: 53)

[Package Manager] Server::EnsureServerProcessIsRunning -- launch failed, reason: Unity was launched with the -noUpm command-line argument
[Package Manager] Cannot connect to Unity Package Manager local server
Cannot connect to Unity Package Manager local server
UnityEngine.StackTraceUtility:ExtractStackTrace ()
UnityEngine.DebugLogHandler:LogFormat (UnityEngine.LogType,UnityEngine.Object,string,object[])
UnityEngine.Logger:Log (UnityEngine.LogType,object)
UnityEngine.Debug:Log (object)
UnityEditor.Perception.Visualizer.PythonForUnityInstaller:Add () (at Library/PackageCache/com.unity.perception@0.11.2-preview.2/Editor/Visualizer/PythonForUnityInstaller.cs:31)
UnityEditor.Perception.Visualizer.PythonForUnityInstaller:.cctor () (at Library/PackageCache/com.unity.perception@0.11.2-preview.2/Editor/Visualizer/PythonForUnityInstaller.cs:15)
System.Runtime.CompilerServices.RuntimeHelpers:RunClassConstructor (System.RuntimeTypeHandle)
UnityEditor.EditorAssemblies:ProcessInitializeOnLoadAttributes (System.Type[])

(Filename: Library/PackageCache/com.unity.perception@0.11.2-preview.2/Editor/Visualizer/PythonForUnityInstaller.cs Line: 31)

Mono: successfully reloaded assembly
- Completed reload, in  1.803 seconds
Domain Reload Profiling:
	ReloadAssembly (1804ms)
		BeginReloadAssembly (149ms)
			ExecutionOrderSort (0ms)
			DisableScriptedObjects (4ms)
			BackupInstance (0ms)
			ReleaseScriptingObjects (0ms)
			CreateAndSetChildDomain (41ms)
		EndReloadAssembly (1551ms)
			LoadAssemblies (116ms)
			RebuildTransferFunctionScriptingTraits (0ms)
			SetupTypeCache (281ms)
			ReleaseScriptCaches (1ms)
			RebuildScriptCaches (43ms)
			SetupLoadedEditorAssemblies (1064ms)
				LogAssemblyErrors (0ms)
				InitializePlatformSupportModulesInManaged (20ms)
				SetLoadedEditorAssemblies (0ms)
				RefreshPlugins (1ms)
				BeforeProcessingInitializeOnLoad (91ms)
				ProcessInitializeOnLoadAttributes (870ms)
				ProcessInitializeOnLoadMethodAttributes (71ms)
				AfterProcessingInitializeOnLoad (11ms)
				EditorAssembliesLoaded (0ms)
			ExecutionOrderSort2 (0ms)
			AwakeInstancesAfterBackupRestoration (9ms)
Platform modules already initialized, skipping
Refreshing native plugins compatible for Editor in 3.08 ms, found 3 plugins.
Preloading 0 native plugins for Editor in 0.00 ms.
Unloading 4527 Unused Serialized files (Serialized files now loaded: 0)
Unloading 35 unused Assets / (0.5 MB). Loaded Objects now: 5077.
Memory consumption went from 180.1 MB to 179.6 MB.
Total: 3.632200 ms (FindLiveObjects: 0.472800 ms CreateObjectMapping: 0.277700 ms MarkObjects: 2.715500 ms  DeleteObjects: 0.165400 ms)

AssetImportParameters requested are different than current active one (requested -> active):
  custom:video-decoder-ogg-theora: a1e56fd34408186e4bbccfd4996cb3dc -> 
  custom:container-muxer-webm: aa71ff27fc2769a1b78a27578f13a17b -> 
  custom:container-demuxer-webm: 4f35f7cbe854078d1ac9338744f61a02 -> 
  custom:video-encoder-webm-vp8: eb34c28f22e8b96e1ab97ce403110664 -> 
  custom:audio-encoder-webm-vorbis: bf7c407c2cedff20999df2af8eb42d56 -> 
  custom:framework-win-MediaFoundation: 216162199b28c13a410421893ffa2e32 -> 
  custom:container-demuxer-ogg: 62fdf1f143b41e24485cea50d1cbac27 -> 
  custom:video-decoder-webm-vp8: 9c59270c3fd7afecdb556c50c9e8de78 -> 
  custom:audio-decoder-ogg-vorbis: bf7c407c2cedff20999df2af8eb42d56 -> 
========================================================================
Received Import Request.
  Time since last request: 14.815261 seconds.
  path: Assets/ImportedAssets/PBR Table
  artifactKey: Guid(0adab0edc93b74a4d832230b46ec7ff7) Importer(815301076,1909f56bfc062723c751e8b465ee728b)
Start importing Assets/ImportedAssets/PBR Table using Guid(0adab0edc93b74a4d832230b46ec7ff7) Importer(815301076,1909f56bfc062723c751e8b465ee728b)  -> (artifact id: '34cfc4ed0d0fa5f33301232639d59dcb') in 0.017082 seconds 
========================================================================
Received Import Request.
  Time since last request: 24.145924 seconds.
  path: Assets/Resources/prefabs/items/uncountables/blueberry juice.prefab
  artifactKey: Guid(886c0f23a10d65947b6d29c5c5eeeef2) Importer(815301076,1909f56bfc062723c751e8b465ee728b)
Start importing Assets/Resources/prefabs/items/uncountables/blueberry juice.prefab using Guid(886c0f23a10d65947b6d29c5c5eeeef2) Importer(815301076,1909f56bfc062723c751e8b465ee728b)  -> (artifact id: 'd2207516e9f75da2a5b3e5b8a4ad04d2') in 0.078544 seconds 
