Using pre-set license
Built from '2021.3/staging' branch; Version is '2021.3.9f1 (ad3870b89536) revision 11352176'; Using compiler version '192829333'; Build Type 'Release'
OS: 'Windows 10  (10.0.19043) 64bit Core' Language: 'en' Physical Memory: 32561 MB
BatchMode: 1, IsHumanControllingUs: 0, StartBugReporterOnCrash: 0, Is64bit: 1, IsPro: 1

COMMAND LINE ARGUMENTS:
C:\Program Files\Unity\Hub\Editor\2021.3.9f1\Editor\Unity.exe
-adb2
-batchMode
-noUpm
-name
AssetImportWorker3
-projectPath
C:/Users/Clarence/Documents/School/Internship/Astar/UnsupervisedMultiModalLearning/DetermiNet/DetermiNetProject
-logFile
Logs/AssetImportWorker3.log
-srvPort
56361
Successfully changed project path to: C:/Users/Clarence/Documents/School/Internship/Astar/UnsupervisedMultiModalLearning/DetermiNet/DetermiNetProject
C:/Users/Clarence/Documents/School/Internship/Astar/UnsupervisedMultiModalLearning/DetermiNet/DetermiNetProject
[UnityMemory] Configuration Parameters - Can be set up in boot.config
    "memorysetup-bucket-allocator-granularity=16"
    "memorysetup-bucket-allocator-bucket-count=8"
    "memorysetup-bucket-allocator-block-size=33554432"
    "memorysetup-bucket-allocator-block-count=8"
    "memorysetup-main-allocator-block-size=16777216"
    "memorysetup-thread-allocator-block-size=16777216"
    "memorysetup-gfx-main-allocator-block-size=16777216"
    "memorysetup-gfx-thread-allocator-block-size=16777216"
    "memorysetup-cache-allocator-block-size=4194304"
    "memorysetup-typetree-allocator-block-size=2097152"
    "memorysetup-profiler-bucket-allocator-granularity=16"
    "memorysetup-profiler-bucket-allocator-bucket-count=8"
    "memorysetup-profiler-bucket-allocator-block-size=33554432"
    "memorysetup-profiler-bucket-allocator-block-count=8"
    "memorysetup-profiler-allocator-block-size=16777216"
    "memorysetup-profiler-editor-allocator-block-size=1048576"
    "memorysetup-temp-allocator-size-main=16777216"
    "memorysetup-job-temp-allocator-block-size=2097152"
    "memorysetup-job-temp-allocator-block-size-background=1048576"
    "memorysetup-job-temp-allocator-reduction-small-platforms=262144"
    "memorysetup-temp-allocator-size-background-worker=32768"
    "memorysetup-temp-allocator-size-job-worker=262144"
    "memorysetup-temp-allocator-size-preload-manager=33554432"
    "memorysetup-temp-allocator-size-nav-mesh-worker=65536"
    "memorysetup-temp-allocator-size-audio-worker=65536"
    "memorysetup-temp-allocator-size-cloud-worker=32768"
    "memorysetup-temp-allocator-size-gi-baking-worker=262144"
    "memorysetup-temp-allocator-size-gfx=262144"
Refreshing native plugins compatible for Editor in 139.94 ms, found 3 plugins.
Preloading 0 native plugins for Editor in 0.00 ms.
Initialize engine version: 2021.3.9f1 (ad3870b89536)
[Subsystems] Discovering subsystems at path C:/Program Files/Unity/Hub/Editor/2021.3.9f1/Editor/Data/Resources/UnitySubsystems
[Subsystems] Discovering subsystems at path C:/Users/Clarence/Documents/School/Internship/Astar/UnsupervisedMultiModalLearning/DetermiNet/DetermiNetProject/Assets
GfxDevice: creating device client; threaded=0; jobified=0
Direct3D:
    Version:  Direct3D 11.0 [level 11.1]
    Renderer: NVIDIA GeForce RTX 2060 (ID=0x1f15)
    Vendor:   NVIDIA
    VRAM:     5980 MB
    Driver:   30.0.15.1169
Initialize mono
Mono path[0] = 'C:/Program Files/Unity/Hub/Editor/2021.3.9f1/Editor/Data/Managed'
Mono path[1] = 'C:/Program Files/Unity/Hub/Editor/2021.3.9f1/Editor/Data/MonoBleedingEdge/lib/mono/unityjit-win32'
Mono config path = 'C:/Program Files/Unity/Hub/Editor/2021.3.9f1/Editor/Data/MonoBleedingEdge/etc'
Using monoOptions --debugger-agent=transport=dt_socket,embedding=1,server=y,suspend=n,address=127.0.0.1:56596
Begin MonoManager ReloadAssembly
Registering precompiled unity dll's ...
Trying to register platform support module: C:/Program Files/Unity/Hub/Editor/2021.3.9f1/Editor/Data/PlaybackEngines/WebGLSupport/UnityEditor.WebGL.Extensions.dll (that doesn't exist). Retrying without overrides.
Platform support module is not available: C:/Program Files/Unity/Hub/Editor/2021.3.9f1/Editor/Data/PlaybackEngines/WebGLSupport/UnityEditor.WebGL.Extensions.dll
Register platform support module: C:/Program Files/Unity/Hub/Editor/2021.3.9f1/Editor/Data/PlaybackEngines/WindowsStandaloneSupport/UnityEditor.WindowsStandalone.Extensions.dll
Register platform support module: C:/Program Files/Unity/Hub/Editor/2021.3.9f1/Editor/Data/PlaybackEngines/LinuxStandaloneSupport/UnityEditor.LinuxStandalone.Extensions.dll
Register platform support module: C:/Program Files/Unity/Hub/Editor/2021.3.9f1/Editor/Data/PlaybackEngines/MetroSupport/UnityEditor.UWP.Extensions.dll
Registered in 0.024474 seconds.
Native extension for UWP target not found
Native extension for LinuxStandalone target not found
Native extension for WindowsStandalone target not found
Refreshing native plugins compatible for Editor in 139.29 ms, found 3 plugins.
Preloading 0 native plugins for Editor in 0.00 ms.
Mono: successfully reloaded assembly
- Completed reload, in  1.046 seconds
Domain Reload Profiling:
	ReloadAssembly (1047ms)
		BeginReloadAssembly (116ms)
			ExecutionOrderSort (0ms)
			DisableScriptedObjects (0ms)
			BackupInstance (0ms)
			ReleaseScriptingObjects (0ms)
			CreateAndSetChildDomain (1ms)
		EndReloadAssembly (698ms)
			LoadAssemblies (115ms)
			RebuildTransferFunctionScriptingTraits (0ms)
			SetupTypeCache (143ms)
			ReleaseScriptCaches (0ms)
			RebuildScriptCaches (50ms)
			SetupLoadedEditorAssemblies (421ms)
				LogAssemblyErrors (0ms)
				InitializePlatformSupportModulesInManaged (22ms)
				SetLoadedEditorAssemblies (1ms)
				RefreshPlugins (140ms)
				BeforeProcessingInitializeOnLoad (2ms)
				ProcessInitializeOnLoadAttributes (181ms)
				ProcessInitializeOnLoadMethodAttributes (75ms)
				AfterProcessingInitializeOnLoad (0ms)
				EditorAssembliesLoaded (0ms)
			ExecutionOrderSort2 (0ms)
			AwakeInstancesAfterBackupRestoration (0ms)
Platform modules already initialized, skipping
Registering precompiled user dll's ...
Registered in 0.023550 seconds.
Begin MonoManager ReloadAssembly
Symbol file LoadedFromMemory doesn't match image C:\Users\Clarence\Documents\School\Internship\Astar\UnsupervisedMultiModalLearning\DetermiNet\DetermiNetProject\Library\PackageCache\com.unity.visualscripting@1.7.8\Editor\VisualScripting.Core\Dependencies\YamlDotNet\Unity.VisualScripting.YamlDotNet.dll
Symbol file LoadedFromMemory doesn't match image C:\Users\Clarence\Documents\School\Internship\Astar\UnsupervisedMultiModalLearning\DetermiNet\DetermiNetProject\Library\PackageCache\com.unity.visualscripting@1.7.8\Editor\VisualScripting.Core\Dependencies\DotNetZip\Unity.VisualScripting.IonicZip.dll
Native extension for UWP target not found
Native extension for LinuxStandalone target not found
Native extension for WindowsStandalone target not found
Refreshing native plugins compatible for Editor in 109.86 ms, found 3 plugins.
Preloading 0 native plugins for Editor in 0.00 ms.
Package Manager log level set to [2]
[Package Manager] Server::EnsureServerProcessIsRunning -- launch failed, reason: Unity was launched with the -noUpm command-line argument
[Package Manager] Cannot connect to Unity Package Manager local server
Cannot connect to Unity Package Manager local server
UnityEngine.StackTraceUtility:ExtractStackTrace ()
UnityEngine.DebugLogHandler:LogFormat (UnityEngine.LogType,UnityEngine.Object,string,object[])
UnityEngine.Logger:Log (UnityEngine.LogType,object)
UnityEngine.Debug:LogError (object)
UnityEditor.Perception.Visualizer.PythonForUnityInstaller:CheckIfPackageInstalled () (at Library/PackageCache/com.unity.perception@0.11.2-preview.2/Editor/Visualizer/PythonForUnityInstaller.cs:53)
UnityEditor.Perception.Visualizer.PythonForUnityInstaller:Add () (at Library/PackageCache/com.unity.perception@0.11.2-preview.2/Editor/Visualizer/PythonForUnityInstaller.cs:20)
UnityEditor.Perception.Visualizer.PythonForUnityInstaller:.cctor () (at Library/PackageCache/com.unity.perception@0.11.2-preview.2/Editor/Visualizer/PythonForUnityInstaller.cs:15)
System.Runtime.CompilerServices.RuntimeHelpers:RunClassConstructor (System.RuntimeTypeHandle)
UnityEditor.EditorAssemblies:ProcessInitializeOnLoadAttributes (System.Type[])

(Filename: Library/PackageCache/com.unity.perception@0.11.2-preview.2/Editor/Visualizer/PythonForUnityInstaller.cs Line: 53)

[Package Manager] Server::EnsureServerProcessIsRunning -- launch failed, reason: Unity was launched with the -noUpm command-line argument
[Package Manager] Cannot connect to Unity Package Manager local server
Cannot connect to Unity Package Manager local server
UnityEngine.StackTraceUtility:ExtractStackTrace ()
UnityEngine.DebugLogHandler:LogFormat (UnityEngine.LogType,UnityEngine.Object,string,object[])
UnityEngine.Logger:Log (UnityEngine.LogType,object)
UnityEngine.Debug:Log (object)
UnityEditor.Perception.Visualizer.PythonForUnityInstaller:Add () (at Library/PackageCache/com.unity.perception@0.11.2-preview.2/Editor/Visualizer/PythonForUnityInstaller.cs:31)
UnityEditor.Perception.Visualizer.PythonForUnityInstaller:.cctor () (at Library/PackageCache/com.unity.perception@0.11.2-preview.2/Editor/Visualizer/PythonForUnityInstaller.cs:15)
System.Runtime.CompilerServices.RuntimeHelpers:RunClassConstructor (System.RuntimeTypeHandle)
UnityEditor.EditorAssemblies:ProcessInitializeOnLoadAttributes (System.Type[])

(Filename: Library/PackageCache/com.unity.perception@0.11.2-preview.2/Editor/Visualizer/PythonForUnityInstaller.cs Line: 31)

Mono: successfully reloaded assembly
- Completed reload, in  2.020 seconds
Domain Reload Profiling:
	ReloadAssembly (2021ms)
		BeginReloadAssembly (119ms)
			ExecutionOrderSort (0ms)
			DisableScriptedObjects (5ms)
			BackupInstance (0ms)
			ReleaseScriptingObjects (0ms)
			CreateAndSetChildDomain (19ms)
		EndReloadAssembly (1778ms)
			LoadAssemblies (106ms)
			RebuildTransferFunctionScriptingTraits (0ms)
			SetupTypeCache (319ms)
			ReleaseScriptCaches (1ms)
			RebuildScriptCaches (54ms)
			SetupLoadedEditorAssemblies (1251ms)
				LogAssemblyErrors (0ms)
				InitializePlatformSupportModulesInManaged (14ms)
				SetLoadedEditorAssemblies (0ms)
				RefreshPlugins (110ms)
				BeforeProcessingInitializeOnLoad (115ms)
				ProcessInitializeOnLoadAttributes (927ms)
				ProcessInitializeOnLoadMethodAttributes (72ms)
				AfterProcessingInitializeOnLoad (12ms)
				EditorAssembliesLoaded (0ms)
			ExecutionOrderSort2 (0ms)
			AwakeInstancesAfterBackupRestoration (7ms)
Platform modules already initialized, skipping
========================================================================
Worker process is ready to serve import requests
Launched and connected shader compiler UnityShaderCompiler.exe after 0.05 seconds
Refreshing native plugins compatible for Editor in 0.86 ms, found 3 plugins.
Preloading 0 native plugins for Editor in 0.00 ms.
Unloading 4543 Unused Serialized files (Serialized files now loaded: 0)
Unloading 52 unused Assets / (0.6 MB). Loaded Objects now: 5000.
Memory consumption went from 176.6 MB to 176.0 MB.
Total: 3.446900 ms (FindLiveObjects: 0.322100 ms CreateObjectMapping: 0.296400 ms MarkObjects: 2.687100 ms  DeleteObjects: 0.140800 ms)

AssetImportParameters requested are different than current active one (requested -> active):
  custom:video-decoder-ogg-theora: a1e56fd34408186e4bbccfd4996cb3dc -> 
  custom:container-muxer-webm: aa71ff27fc2769a1b78a27578f13a17b -> 
  custom:container-demuxer-webm: 4f35f7cbe854078d1ac9338744f61a02 -> 
  custom:video-encoder-webm-vp8: eb34c28f22e8b96e1ab97ce403110664 -> 
  custom:audio-encoder-webm-vorbis: bf7c407c2cedff20999df2af8eb42d56 -> 
  custom:framework-win-MediaFoundation: 216162199b28c13a410421893ffa2e32 -> 
  custom:container-demuxer-ogg: 62fdf1f143b41e24485cea50d1cbac27 -> 
  custom:video-decoder-webm-vp8: 9c59270c3fd7afecdb556c50c9e8de78 -> 
  custom:audio-decoder-ogg-vorbis: bf7c407c2cedff20999df2af8eb42d56 -> 
========================================================================
Received Prepare
Registering precompiled user dll's ...
Registered in 0.018160 seconds.
Begin MonoManager ReloadAssembly
Symbol file LoadedFromMemory doesn't match image C:\Users\Clarence\Documents\School\Internship\Astar\UnsupervisedMultiModalLearning\DetermiNet\DetermiNetProject\Library\PackageCache\com.unity.visualscripting@1.7.8\Editor\VisualScripting.Core\Dependencies\YamlDotNet\Unity.VisualScripting.YamlDotNet.dll
Symbol file LoadedFromMemory doesn't match image C:\Users\Clarence\Documents\School\Internship\Astar\UnsupervisedMultiModalLearning\DetermiNet\DetermiNetProject\Library\PackageCache\com.unity.visualscripting@1.7.8\Editor\VisualScripting.Core\Dependencies\DotNetZip\Unity.VisualScripting.IonicZip.dll
Native extension for UWP target not found
Native extension for LinuxStandalone target not found
Native extension for WindowsStandalone target not found
Refreshing native plugins compatible for Editor in 1.03 ms, found 3 plugins.
Preloading 0 native plugins for Editor in 0.00 ms.
[Package Manager] Server::EnsureServerProcessIsRunning -- launch failed, reason: Unity was launched with the -noUpm command-line argument
[Package Manager] Cannot connect to Unity Package Manager local server
Cannot connect to Unity Package Manager local server
UnityEngine.StackTraceUtility:ExtractStackTrace ()
UnityEngine.DebugLogHandler:LogFormat (UnityEngine.LogType,UnityEngine.Object,string,object[])
UnityEngine.Logger:Log (UnityEngine.LogType,object)
UnityEngine.Debug:LogError (object)
UnityEditor.Perception.Visualizer.PythonForUnityInstaller:CheckIfPackageInstalled () (at Library/PackageCache/com.unity.perception@0.11.2-preview.2/Editor/Visualizer/PythonForUnityInstaller.cs:53)
UnityEditor.Perception.Visualizer.PythonForUnityInstaller:Add () (at Library/PackageCache/com.unity.perception@0.11.2-preview.2/Editor/Visualizer/PythonForUnityInstaller.cs:20)
UnityEditor.Perception.Visualizer.PythonForUnityInstaller:.cctor () (at Library/PackageCache/com.unity.perception@0.11.2-preview.2/Editor/Visualizer/PythonForUnityInstaller.cs:15)
System.Runtime.CompilerServices.RuntimeHelpers:RunClassConstructor (System.RuntimeTypeHandle)
UnityEditor.EditorAssemblies:ProcessInitializeOnLoadAttributes (System.Type[])

(Filename: Library/PackageCache/com.unity.perception@0.11.2-preview.2/Editor/Visualizer/PythonForUnityInstaller.cs Line: 53)

[Package Manager] Server::EnsureServerProcessIsRunning -- launch failed, reason: Unity was launched with the -noUpm command-line argument
[Package Manager] Cannot connect to Unity Package Manager local server
Cannot connect to Unity Package Manager local server
UnityEngine.StackTraceUtility:ExtractStackTrace ()
UnityEngine.DebugLogHandler:LogFormat (UnityEngine.LogType,UnityEngine.Object,string,object[])
UnityEngine.Logger:Log (UnityEngine.LogType,object)
UnityEngine.Debug:Log (object)
UnityEditor.Perception.Visualizer.PythonForUnityInstaller:Add () (at Library/PackageCache/com.unity.perception@0.11.2-preview.2/Editor/Visualizer/PythonForUnityInstaller.cs:31)
UnityEditor.Perception.Visualizer.PythonForUnityInstaller:.cctor () (at Library/PackageCache/com.unity.perception@0.11.2-preview.2/Editor/Visualizer/PythonForUnityInstaller.cs:15)
System.Runtime.CompilerServices.RuntimeHelpers:RunClassConstructor (System.RuntimeTypeHandle)
UnityEditor.EditorAssemblies:ProcessInitializeOnLoadAttributes (System.Type[])

(Filename: Library/PackageCache/com.unity.perception@0.11.2-preview.2/Editor/Visualizer/PythonForUnityInstaller.cs Line: 31)

Mono: successfully reloaded assembly
- Completed reload, in  1.970 seconds
Domain Reload Profiling:
	ReloadAssembly (1971ms)
		BeginReloadAssembly (190ms)
			ExecutionOrderSort (0ms)
			DisableScriptedObjects (5ms)
			BackupInstance (0ms)
			ReleaseScriptingObjects (0ms)
			CreateAndSetChildDomain (45ms)
		EndReloadAssembly (1648ms)
			LoadAssemblies (152ms)
			RebuildTransferFunctionScriptingTraits (0ms)
			SetupTypeCache (319ms)
			ReleaseScriptCaches (2ms)
			RebuildScriptCaches (53ms)
			SetupLoadedEditorAssemblies (1107ms)
				LogAssemblyErrors (0ms)
				InitializePlatformSupportModulesInManaged (21ms)
				SetLoadedEditorAssemblies (1ms)
				RefreshPlugins (1ms)
				BeforeProcessingInitializeOnLoad (99ms)
				ProcessInitializeOnLoadAttributes (895ms)
				ProcessInitializeOnLoadMethodAttributes (76ms)
				AfterProcessingInitializeOnLoad (13ms)
				EditorAssembliesLoaded (0ms)
			ExecutionOrderSort2 (0ms)
			AwakeInstancesAfterBackupRestoration (8ms)
Platform modules already initialized, skipping
Refreshing native plugins compatible for Editor in 2.93 ms, found 3 plugins.
Preloading 0 native plugins for Editor in 0.00 ms.
Unloading 4525 Unused Serialized files (Serialized files now loaded: 0)
Unloading 33 unused Assets / (0.5 MB). Loaded Objects now: 5015.
Memory consumption went from 175.2 MB to 174.7 MB.
Total: 3.249400 ms (FindLiveObjects: 0.332300 ms CreateObjectMapping: 0.265900 ms MarkObjects: 2.445300 ms  DeleteObjects: 0.205000 ms)

AssetImportParameters requested are different than current active one (requested -> active):
  custom:video-decoder-ogg-theora: a1e56fd34408186e4bbccfd4996cb3dc -> 
  custom:container-muxer-webm: aa71ff27fc2769a1b78a27578f13a17b -> 
  custom:container-demuxer-webm: 4f35f7cbe854078d1ac9338744f61a02 -> 
  custom:video-encoder-webm-vp8: eb34c28f22e8b96e1ab97ce403110664 -> 
  custom:audio-encoder-webm-vorbis: bf7c407c2cedff20999df2af8eb42d56 -> 
  custom:framework-win-MediaFoundation: 216162199b28c13a410421893ffa2e32 -> 
  custom:container-demuxer-ogg: 62fdf1f143b41e24485cea50d1cbac27 -> 
  custom:video-decoder-webm-vp8: 9c59270c3fd7afecdb556c50c9e8de78 -> 
  custom:audio-decoder-ogg-vorbis: bf7c407c2cedff20999df2af8eb42d56 -> 
========================================================================
Received Import Request.
  Time since last request: 392799.268028 seconds.
  path: Assets/legacy_assets/uncountables/cranberryjuicecupwithhandle.prefab
  artifactKey: Guid(d7af075128eae964088fd8c6778b764b) Importer(815301076,1909f56bfc062723c751e8b465ee728b)
Start importing Assets/legacy_assets/uncountables/cranberryjuicecupwithhandle.prefab using Guid(d7af075128eae964088fd8c6778b764b) Importer(815301076,1909f56bfc062723c751e8b465ee728b)  -> (artifact id: 'bc8ed229d7cace80906e502852aeea34') in 0.076817 seconds 
========================================================================
Received Import Request.
  Time since last request: 9.795825 seconds.
  path: Assets/MASH Virtual/Table/Texutre/Parking_Table_Table_New_MetallicSmoothness.png
  artifactKey: Guid(d82b153e3f1c6c24cbbba94421c45d9b) Importer(815301076,1909f56bfc062723c751e8b465ee728b)
Start importing Assets/MASH Virtual/Table/Texutre/Parking_Table_Table_New_MetallicSmoothness.png using Guid(d82b153e3f1c6c24cbbba94421c45d9b) Importer(815301076,1909f56bfc062723c751e8b465ee728b)  -> (artifact id: '7c1b326faaf4fabd8770fde6536eb6ea') in 0.115005 seconds 
========================================================================
Received Import Request.
  Time since last request: 0.000030 seconds.
  path: Assets/MASH Virtual/Table/Texutre/Plane_phong1_MetallicSmoothness.png
  artifactKey: Guid(37ddf6bd6548a274b9ea52f29289d0e6) Importer(815301076,1909f56bfc062723c751e8b465ee728b)
Start importing Assets/MASH Virtual/Table/Texutre/Plane_phong1_MetallicSmoothness.png using Guid(37ddf6bd6548a274b9ea52f29289d0e6) Importer(815301076,1909f56bfc062723c751e8b465ee728b)  -> (artifact id: 'e158ad19756ddc678f5a3c1ff2ce167b') in 0.027096 seconds 
========================================================================
Received Import Request.
  Time since last request: 0.000029 seconds.
  path: Assets/MASH Virtual/Table/Texutre/Plane_phong1_Normal.png
  artifactKey: Guid(588d74ab7afec9f4184e30732efe0c02) Importer(815301076,1909f56bfc062723c751e8b465ee728b)
Start importing Assets/MASH Virtual/Table/Texutre/Plane_phong1_Normal.png using Guid(588d74ab7afec9f4184e30732efe0c02) Importer(815301076,1909f56bfc062723c751e8b465ee728b)  -> (artifact id: 'd8fa763368ec70108bc499e2118715ef') in 0.065812 seconds 
========================================================================
Received Import Request.
  Time since last request: 0.000080 seconds.
  path: Assets/MASH Virtual/Table/Texutre/Parking_Table_Table_Old_Normal.png
  artifactKey: Guid(27550fee6799f8a4bb46e907514ace65) Importer(815301076,1909f56bfc062723c751e8b465ee728b)
Start importing Assets/MASH Virtual/Table/Texutre/Parking_Table_Table_Old_Normal.png using Guid(27550fee6799f8a4bb46e907514ace65) Importer(815301076,1909f56bfc062723c751e8b465ee728b)  -> (artifact id: '17c08600d3b820f943790db48c9104cd') in 0.033611 seconds 
========================================================================
Received Prepare
Registering precompiled user dll's ...
Registered in 0.017237 seconds.
Begin MonoManager ReloadAssembly
Symbol file LoadedFromMemory doesn't match image C:\Users\Clarence\Documents\School\Internship\Astar\UnsupervisedMultiModalLearning\DetermiNet\DetermiNetProject\Library\PackageCache\com.unity.visualscripting@1.7.8\Editor\VisualScripting.Core\Dependencies\YamlDotNet\Unity.VisualScripting.YamlDotNet.dll
Symbol file LoadedFromMemory doesn't match image C:\Users\Clarence\Documents\School\Internship\Astar\UnsupervisedMultiModalLearning\DetermiNet\DetermiNetProject\Library\PackageCache\com.unity.visualscripting@1.7.8\Editor\VisualScripting.Core\Dependencies\DotNetZip\Unity.VisualScripting.IonicZip.dll
Native extension for UWP target not found
Native extension for LinuxStandalone target not found
Native extension for WindowsStandalone target not found
Refreshing native plugins compatible for Editor in 1.34 ms, found 3 plugins.
Preloading 0 native plugins for Editor in 0.00 ms.
[Package Manager] Server::EnsureServerProcessIsRunning -- launch failed, reason: Unity was launched with the -noUpm command-line argument
[Package Manager] Cannot connect to Unity Package Manager local server
Cannot connect to Unity Package Manager local server
UnityEngine.StackTraceUtility:ExtractStackTrace ()
UnityEngine.DebugLogHandler:LogFormat (UnityEngine.LogType,UnityEngine.Object,string,object[])
UnityEngine.Logger:Log (UnityEngine.LogType,object)
UnityEngine.Debug:LogError (object)
UnityEditor.Perception.Visualizer.PythonForUnityInstaller:CheckIfPackageInstalled () (at Library/PackageCache/com.unity.perception@0.11.2-preview.2/Editor/Visualizer/PythonForUnityInstaller.cs:53)
UnityEditor.Perception.Visualizer.PythonForUnityInstaller:Add () (at Library/PackageCache/com.unity.perception@0.11.2-preview.2/Editor/Visualizer/PythonForUnityInstaller.cs:20)
UnityEditor.Perception.Visualizer.PythonForUnityInstaller:.cctor () (at Library/PackageCache/com.unity.perception@0.11.2-preview.2/Editor/Visualizer/PythonForUnityInstaller.cs:15)
System.Runtime.CompilerServices.RuntimeHelpers:RunClassConstructor (System.RuntimeTypeHandle)
UnityEditor.EditorAssemblies:ProcessInitializeOnLoadAttributes (System.Type[])

(Filename: Library/PackageCache/com.unity.perception@0.11.2-preview.2/Editor/Visualizer/PythonForUnityInstaller.cs Line: 53)

[Package Manager] Server::EnsureServerProcessIsRunning -- launch failed, reason: Unity was launched with the -noUpm command-line argument
[Package Manager] Cannot connect to Unity Package Manager local server
Cannot connect to Unity Package Manager local server
UnityEngine.StackTraceUtility:ExtractStackTrace ()
UnityEngine.DebugLogHandler:LogFormat (UnityEngine.LogType,UnityEngine.Object,string,object[])
UnityEngine.Logger:Log (UnityEngine.LogType,object)
UnityEngine.Debug:Log (object)
UnityEditor.Perception.Visualizer.PythonForUnityInstaller:Add () (at Library/PackageCache/com.unity.perception@0.11.2-preview.2/Editor/Visualizer/PythonForUnityInstaller.cs:31)
UnityEditor.Perception.Visualizer.PythonForUnityInstaller:.cctor () (at Library/PackageCache/com.unity.perception@0.11.2-preview.2/Editor/Visualizer/PythonForUnityInstaller.cs:15)
System.Runtime.CompilerServices.RuntimeHelpers:RunClassConstructor (System.RuntimeTypeHandle)
UnityEditor.EditorAssemblies:ProcessInitializeOnLoadAttributes (System.Type[])

(Filename: Library/PackageCache/com.unity.perception@0.11.2-preview.2/Editor/Visualizer/PythonForUnityInstaller.cs Line: 31)

Mono: successfully reloaded assembly
- Completed reload, in  1.960 seconds
Domain Reload Profiling:
	ReloadAssembly (1960ms)
		BeginReloadAssembly (197ms)
			ExecutionOrderSort (0ms)
			DisableScriptedObjects (5ms)
			BackupInstance (0ms)
			ReleaseScriptingObjects (0ms)
			CreateAndSetChildDomain (76ms)
		EndReloadAssembly (1650ms)
			LoadAssemblies (118ms)
			RebuildTransferFunctionScriptingTraits (0ms)
			SetupTypeCache (330ms)
			ReleaseScriptCaches (2ms)
			RebuildScriptCaches (47ms)
			SetupLoadedEditorAssemblies (1112ms)
				LogAssemblyErrors (0ms)
				InitializePlatformSupportModulesInManaged (22ms)
				SetLoadedEditorAssemblies (1ms)
				RefreshPlugins (1ms)
				BeforeProcessingInitializeOnLoad (109ms)
				ProcessInitializeOnLoadAttributes (893ms)
				ProcessInitializeOnLoadMethodAttributes (75ms)
				AfterProcessingInitializeOnLoad (12ms)
				EditorAssembliesLoaded (0ms)
			ExecutionOrderSort2 (0ms)
			AwakeInstancesAfterBackupRestoration (8ms)
Platform modules already initialized, skipping
Refreshing native plugins compatible for Editor in 3.28 ms, found 3 plugins.
Preloading 0 native plugins for Editor in 0.00 ms.
Unloading 4525 Unused Serialized files (Serialized files now loaded: 0)
Unloading 33 unused Assets / (0.5 MB). Loaded Objects now: 5036.
Memory consumption went from 179.6 MB to 179.0 MB.
Total: 3.931200 ms (FindLiveObjects: 0.373000 ms CreateObjectMapping: 0.332800 ms MarkObjects: 3.077000 ms  DeleteObjects: 0.146600 ms)

AssetImportParameters requested are different than current active one (requested -> active):
  custom:video-decoder-ogg-theora: a1e56fd34408186e4bbccfd4996cb3dc -> 
  custom:container-muxer-webm: aa71ff27fc2769a1b78a27578f13a17b -> 
  custom:container-demuxer-webm: 4f35f7cbe854078d1ac9338744f61a02 -> 
  custom:video-encoder-webm-vp8: eb34c28f22e8b96e1ab97ce403110664 -> 
  custom:audio-encoder-webm-vorbis: bf7c407c2cedff20999df2af8eb42d56 -> 
  custom:framework-win-MediaFoundation: 216162199b28c13a410421893ffa2e32 -> 
  custom:container-demuxer-ogg: 62fdf1f143b41e24485cea50d1cbac27 -> 
  custom:video-decoder-webm-vp8: 9c59270c3fd7afecdb556c50c9e8de78 -> 
  custom:audio-decoder-ogg-vorbis: bf7c407c2cedff20999df2af8eb42d56 -> 
========================================================================
Received Import Request.
  Time since last request: 42.461450 seconds.
  path: Assets/Resources/prefabs/items/uncountables/grape juice.prefab
  artifactKey: Guid(0a661a43d052a4244b838bb818273c45) Importer(815301076,1909f56bfc062723c751e8b465ee728b)
Start importing Assets/Resources/prefabs/items/uncountables/grape juice.prefab using Guid(0a661a43d052a4244b838bb818273c45) Importer(815301076,1909f56bfc062723c751e8b465ee728b)  -> (artifact id: '42a57e87b1f2f2380db621d6c898a639') in 0.091061 seconds 
========================================================================
Received Prepare
Registering precompiled user dll's ...
Registered in 0.017771 seconds.
Begin MonoManager ReloadAssembly
Symbol file LoadedFromMemory doesn't match image C:\Users\Clarence\Documents\School\Internship\Astar\UnsupervisedMultiModalLearning\DetermiNet\DetermiNetProject\Library\PackageCache\com.unity.visualscripting@1.7.8\Editor\VisualScripting.Core\Dependencies\YamlDotNet\Unity.VisualScripting.YamlDotNet.dll
Symbol file LoadedFromMemory doesn't match image C:\Users\Clarence\Documents\School\Internship\Astar\UnsupervisedMultiModalLearning\DetermiNet\DetermiNetProject\Library\PackageCache\com.unity.visualscripting@1.7.8\Editor\VisualScripting.Core\Dependencies\DotNetZip\Unity.VisualScripting.IonicZip.dll
Native extension for UWP target not found
Native extension for LinuxStandalone target not found
Native extension for WindowsStandalone target not found
Refreshing native plugins compatible for Editor in 0.92 ms, found 3 plugins.
Preloading 0 native plugins for Editor in 0.00 ms.
[Package Manager] Server::EnsureServerProcessIsRunning -- launch failed, reason: Unity was launched with the -noUpm command-line argument
[Package Manager] Cannot connect to Unity Package Manager local server
Cannot connect to Unity Package Manager local server
UnityEngine.StackTraceUtility:ExtractStackTrace ()
UnityEngine.DebugLogHandler:LogFormat (UnityEngine.LogType,UnityEngine.Object,string,object[])
UnityEngine.Logger:Log (UnityEngine.LogType,object)
UnityEngine.Debug:LogError (object)
UnityEditor.Perception.Visualizer.PythonForUnityInstaller:CheckIfPackageInstalled () (at Library/PackageCache/com.unity.perception@0.11.2-preview.2/Editor/Visualizer/PythonForUnityInstaller.cs:53)
UnityEditor.Perception.Visualizer.PythonForUnityInstaller:Add () (at Library/PackageCache/com.unity.perception@0.11.2-preview.2/Editor/Visualizer/PythonForUnityInstaller.cs:20)
UnityEditor.Perception.Visualizer.PythonForUnityInstaller:.cctor () (at Library/PackageCache/com.unity.perception@0.11.2-preview.2/Editor/Visualizer/PythonForUnityInstaller.cs:15)
System.Runtime.CompilerServices.RuntimeHelpers:RunClassConstructor (System.RuntimeTypeHandle)
UnityEditor.EditorAssemblies:ProcessInitializeOnLoadAttributes (System.Type[])

(Filename: Library/PackageCache/com.unity.perception@0.11.2-preview.2/Editor/Visualizer/PythonForUnityInstaller.cs Line: 53)

[Package Manager] Server::EnsureServerProcessIsRunning -- launch failed, reason: Unity was launched with the -noUpm command-line argument
[Package Manager] Cannot connect to Unity Package Manager local server
Cannot connect to Unity Package Manager local server
UnityEngine.StackTraceUtility:ExtractStackTrace ()
UnityEngine.DebugLogHandler:LogFormat (UnityEngine.LogType,UnityEngine.Object,string,object[])
UnityEngine.Logger:Log (UnityEngine.LogType,object)
UnityEngine.Debug:Log (object)
UnityEditor.Perception.Visualizer.PythonForUnityInstaller:Add () (at Library/PackageCache/com.unity.perception@0.11.2-preview.2/Editor/Visualizer/PythonForUnityInstaller.cs:31)
UnityEditor.Perception.Visualizer.PythonForUnityInstaller:.cctor () (at Library/PackageCache/com.unity.perception@0.11.2-preview.2/Editor/Visualizer/PythonForUnityInstaller.cs:15)
System.Runtime.CompilerServices.RuntimeHelpers:RunClassConstructor (System.RuntimeTypeHandle)
UnityEditor.EditorAssemblies:ProcessInitializeOnLoadAttributes (System.Type[])

(Filename: Library/PackageCache/com.unity.perception@0.11.2-preview.2/Editor/Visualizer/PythonForUnityInstaller.cs Line: 31)

Mono: successfully reloaded assembly
- Completed reload, in  2.035 seconds
Domain Reload Profiling:
	ReloadAssembly (2036ms)
		BeginReloadAssembly (165ms)
			ExecutionOrderSort (0ms)
			DisableScriptedObjects (4ms)
			BackupInstance (0ms)
			ReleaseScriptingObjects (0ms)
			CreateAndSetChildDomain (46ms)
		EndReloadAssembly (1730ms)
			LoadAssemblies (161ms)
			RebuildTransferFunctionScriptingTraits (0ms)
			SetupTypeCache (346ms)
			ReleaseScriptCaches (2ms)
			RebuildScriptCaches (57ms)
			SetupLoadedEditorAssemblies (1123ms)
				LogAssemblyErrors (0ms)
				InitializePlatformSupportModulesInManaged (21ms)
				SetLoadedEditorAssemblies (0ms)
				RefreshPlugins (1ms)
				BeforeProcessingInitializeOnLoad (101ms)
				ProcessInitializeOnLoadAttributes (907ms)
				ProcessInitializeOnLoadMethodAttributes (80ms)
				AfterProcessingInitializeOnLoad (13ms)
				EditorAssembliesLoaded (0ms)
			ExecutionOrderSort2 (0ms)
			AwakeInstancesAfterBackupRestoration (8ms)
Platform modules already initialized, skipping
Refreshing native plugins compatible for Editor in 3.11 ms, found 3 plugins.
Preloading 0 native plugins for Editor in 0.00 ms.
Unloading 4525 Unused Serialized files (Serialized files now loaded: 0)
Unloading 33 unused Assets / (0.5 MB). Loaded Objects now: 5055.
Memory consumption went from 179.7 MB to 179.1 MB.
Total: 3.377500 ms (FindLiveObjects: 0.321000 ms CreateObjectMapping: 0.285800 ms MarkObjects: 2.607400 ms  DeleteObjects: 0.161600 ms)

AssetImportParameters requested are different than current active one (requested -> active):
  custom:video-decoder-ogg-theora: a1e56fd34408186e4bbccfd4996cb3dc -> 
  custom:container-muxer-webm: aa71ff27fc2769a1b78a27578f13a17b -> 
  custom:container-demuxer-webm: 4f35f7cbe854078d1ac9338744f61a02 -> 
  custom:video-encoder-webm-vp8: eb34c28f22e8b96e1ab97ce403110664 -> 
  custom:audio-encoder-webm-vorbis: bf7c407c2cedff20999df2af8eb42d56 -> 
  custom:framework-win-MediaFoundation: 216162199b28c13a410421893ffa2e32 -> 
  custom:container-demuxer-ogg: 62fdf1f143b41e24485cea50d1cbac27 -> 
  custom:video-decoder-webm-vp8: 9c59270c3fd7afecdb556c50c9e8de78 -> 
  custom:audio-decoder-ogg-vorbis: bf7c407c2cedff20999df2af8eb42d56 -> 
Editor requested this worker to shutdown with reason: Scaling down because of idle timeout
AssetImportWorker is now disconnected from the server
Process exiting
Exiting without the bug reporter. Application will terminate with return code 0